#-----------------------------------------------------------
# Vivado v2019.2 (64-bit)
# SW Build 2708876 on Wed Nov  6 21:40:23 MST 2019
# IP Build 2700528 on Thu Nov  7 00:09:20 MST 2019
# Start of session at: Wed Aug 23 21:06:45 2023
# Process ID: 844
# Current directory: C:/Users/86178/Desktop/project/pipelined_CPU/Pipelined_CPU
# Command line: vivado.exe -gui_launcher_event rodinguilauncherevent23852 C:\Users\86178\Desktop\project\pipelined_CPU\Pipelined_CPU\Pipelined_CPU.xpr
# Log file: C:/Users/86178/Desktop/project/pipelined_CPU/Pipelined_CPU/vivado.log
# Journal file: C:/Users/86178/Desktop/project/pipelined_CPU/Pipelined_CPU\vivado.jou
#-----------------------------------------------------------
start_gui
open_project C:/Users/86178/Desktop/project/pipelined_CPU/Pipelined_CPU/Pipelined_CPU.xpr
Scanning sources...
Finished scanning sources
INFO: [IP_Flow 19-234] Refreshing IP repositories
INFO: [IP_Flow 19-1704] No user IP repositories specified
INFO: [IP_Flow 19-2313] Loaded Vivado IP repository 'D:/vivado/Vivado/2019.2/data/ip'.
open_project: Time (s): cpu = 00:00:26 ; elapsed = 00:00:12 . Memory (MB): peak = 933.898 ; gain = 261.336
update_compile_order -fileset sources_1
set_property is_enabled false [get_files  C:/Users/86178/Desktop/project/pipelined_CPU/Pipelined_CPU/Pipelined_CPU.srcs/sources_1/new/npc.v]
export_ip_user_files -of_objects  [get_files C:/Users/86178/Desktop/project/pipelined_CPU/Pipelined_CPU/Pipelined_CPU.srcs/sources_1/new/npc.v] -no_script -reset -force -quiet
remove_files  C:/Users/86178/Desktop/project/pipelined_CPU/Pipelined_CPU/Pipelined_CPU.srcs/sources_1/new/npc.v
file delete -force C:/Users/86178/Desktop/project/pipelined_CPU/Pipelined_CPU/Pipelined_CPU.srcs/sources_1/new/npc.v
export_ip_user_files -of_objects  [get_files C:/Users/86178/Desktop/project/pipelined_CPU/Pipelined_CPU/Pipelined_CPU.srcs/sources_1/new/pc.v] -no_script -reset -force -quiet
remove_files  C:/Users/86178/Desktop/project/pipelined_CPU/Pipelined_CPU/Pipelined_CPU.srcs/sources_1/new/pc.v
file delete -force C:/Users/86178/Desktop/project/pipelined_CPU/Pipelined_CPU/Pipelined_CPU.srcs/sources_1/new/pc.v
close [ open C:/Users/86178/Desktop/project/pipelined_CPU/Pipelined_CPU/Pipelined_CPU.srcs/sources_1/new/NPC.v w ]
add_files C:/Users/86178/Desktop/project/pipelined_CPU/Pipelined_CPU/Pipelined_CPU.srcs/sources_1/new/NPC.v
update_compile_order -fileset sources_1
close [ open C:/Users/86178/Desktop/project/pipelined_CPU/Pipelined_CPU/Pipelined_CPU.srcs/sources_1/new/PC.v w ]
add_files C:/Users/86178/Desktop/project/pipelined_CPU/Pipelined_CPU/Pipelined_CPU.srcs/sources_1/new/PC.v
update_compile_order -fileset sources_1
export_ip_user_files -of_objects  [get_files C:/Users/86178/Desktop/project/pipelined_CPU/Pipelined_CPU/Pipelined_CPU.srcs/sources_1/new/reg_if_id.v] -no_script -reset -force -quiet
remove_files  C:/Users/86178/Desktop/project/pipelined_CPU/Pipelined_CPU/Pipelined_CPU.srcs/sources_1/new/reg_if_id.v
file delete -force C:/Users/86178/Desktop/project/pipelined_CPU/Pipelined_CPU/Pipelined_CPU.srcs/sources_1/new/reg_if_id.v
close [ open C:/Users/86178/Desktop/project/pipelined_CPU/Pipelined_CPU/Pipelined_CPU.srcs/sources_1/new/REG_IF_ID.v w ]
add_files C:/Users/86178/Desktop/project/pipelined_CPU/Pipelined_CPU/Pipelined_CPU.srcs/sources_1/new/REG_IF_ID.v
update_compile_order -fileset sources_1
exit
INFO: [Common 17-206] Exiting Vivado at Thu Aug 24 00:29:11 2023...
