#-----------------------------------------------------------
# Vivado v2019.2 (64-bit)
# SW Build 2708876 on Wed Nov  6 21:40:23 MST 2019
# IP Build 2700528 on Thu Nov  7 00:09:20 MST 2019
# Start of session at: Tue Aug 22 23:48:16 2023
# Process ID: 16096
# Current directory: C:/Users/86178/Desktop/project/pipelined_CPU/Pipelined_CPU
# Command line: vivado.exe -gui_launcher_event rodinguilauncherevent19840 C:\Users\86178\Desktop\project\pipelined_CPU\Pipelined_CPU\Pipelined_CPU.xpr
# Log file: C:/Users/86178/Desktop/project/pipelined_CPU/Pipelined_CPU/vivado.log
# Journal file: C:/Users/86178/Desktop/project/pipelined_CPU/Pipelined_CPU\vivado.jou
#-----------------------------------------------------------
start_gui
open_project C:/Users/86178/Desktop/project/pipelined_CPU/Pipelined_CPU/Pipelined_CPU.xpr
INFO: [Project 1-313] Project file moved from 'D:/GitRepo/pipelined_CPU/Pipelined_CPU' since last save.
Scanning sources...
Finished scanning sources
INFO: [IP_Flow 19-234] Refreshing IP repositories
INFO: [IP_Flow 19-1704] No user IP repositories specified
INFO: [IP_Flow 19-2313] Loaded Vivado IP repository 'D:/vivado/Vivado/2019.2/data/ip'.
open_project: Time (s): cpu = 00:00:27 ; elapsed = 00:00:13 . Memory (MB): peak = 921.391 ; gain = 250.848
update_compile_order -fileset sources_1
close [ open C:/Users/86178/Desktop/project/pipelined_CPU/Pipelined_CPU/Pipelined_CPU.srcs/sources_1/new/pc.v w ]
add_files C:/Users/86178/Desktop/project/pipelined_CPU/Pipelined_CPU/Pipelined_CPU.srcs/sources_1/new/pc.v
update_compile_order -fileset sources_1
export_ip_user_files -of_objects  [get_files C:/Users/86178/Desktop/project/pipelined_CPU/Pipelined_CPU/Pipelined_CPU.srcs/sources_1/new/pc.v] -no_script -reset -force -quiet
remove_files  C:/Users/86178/Desktop/project/pipelined_CPU/Pipelined_CPU/Pipelined_CPU.srcs/sources_1/new/pc.v
remove_files  C:/Users/86178/Desktop/project/pipelined_CPU/Pipelined_CPU/Pipelined_CPU.srcs/sources_1/new/pc.v
WARNING: [Vivado 12-818] No files matched 'C:/Users/86178/Desktop/project/pipelined_CPU/Pipelined_CPU/Pipelined_CPU.srcs/sources_1/new/pc.v'
file delete -force C:/Users/86178/Desktop/project/pipelined_CPU/Pipelined_CPU/Pipelined_CPU.srcs/sources_1/new/pc.v
close [ open C:/Users/86178/Desktop/project/pipelined_CPU/Pipelined_CPU/Pipelined_CPU.srcs/sources_1/new/pc.v w ]
add_files C:/Users/86178/Desktop/project/pipelined_CPU/Pipelined_CPU/Pipelined_CPU.srcs/sources_1/new/pc.v
update_compile_order -fileset sources_1
WARNING: [filemgmt 56-199] Attempt to get parsing info during refresh. "On-the-fly" syntax checking information may be incorrect. [C:\Users\86178\Desktop\project\pipelined_CPU\Pipelined_CPU\Pipelined_CPU.srcs\sources_1\new\pc.v:]
WARNING: [filemgmt 56-199] Attempt to get parsing info during refresh. "On-the-fly" syntax checking information may be incorrect. [C:\Users\86178\Desktop\project\pipelined_CPU\Pipelined_CPU\Pipelined_CPU.srcs\sources_1\new\MUX_REGSRC.v:]
ERROR: [Common 17-180] Spawn failed: No error
WARNING: [filemgmt 56-199] Attempt to get parsing info during refresh. "On-the-fly" syntax checking information may be incorrect. [C:\Users\86178\Desktop\project\pipelined_CPU\Pipelined_CPU\Pipelined_CPU.srcs\sources_1\new\pc.v:]
WARNING: [filemgmt 56-199] Attempt to get parsing info during refresh. "On-the-fly" syntax checking information may be incorrect. [C:\Users\86178\Desktop\project\pipelined_CPU\Pipelined_CPU\Pipelined_CPU.srcs\sources_1\new\MUX_REGSRC.v:]
ERROR: [Common 17-180] Spawn failed: No error
WARNING: [filemgmt 56-199] Attempt to get parsing info during refresh. "On-the-fly" syntax checking information may be incorrect. [C:\Users\86178\Desktop\project\pipelined_CPU\Pipelined_CPU\Pipelined_CPU.srcs\sources_1\new\pc.v:]
WARNING: [filemgmt 56-199] Attempt to get parsing info during refresh. "On-the-fly" syntax checking information may be incorrect. [C:\Users\86178\Desktop\project\pipelined_CPU\Pipelined_CPU\Pipelined_CPU.srcs\sources_1\new\MUX_REGSRC.v:]
WARNING: [filemgmt 56-199] Attempt to get parsing info during refresh. "On-the-fly" syntax checking information may be incorrect. [C:\Users\86178\Desktop\project\pipelined_CPU\Pipelined_CPU\Pipelined_CPU.srcs\sources_1\new\pc.v:]
WARNING: [filemgmt 56-199] Attempt to get parsing info during refresh. "On-the-fly" syntax checking information may be incorrect. [C:\Users\86178\Desktop\project\pipelined_CPU\Pipelined_CPU\Pipelined_CPU.srcs\sources_1\new\MUX_REGSRC.v:]
ERROR: [Common 17-180] Spawn failed: No error
WARNING: [filemgmt 56-199] Attempt to get parsing info during refresh. "On-the-fly" syntax checking information may be incorrect. [C:\Users\86178\Desktop\project\pipelined_CPU\Pipelined_CPU\Pipelined_CPU.srcs\sources_1\new\pc.v:]
WARNING: [filemgmt 56-199] Attempt to get parsing info during refresh. "On-the-fly" syntax checking information may be incorrect. [C:\Users\86178\Desktop\project\pipelined_CPU\Pipelined_CPU\Pipelined_CPU.srcs\sources_1\new\MUX_REGSRC.v:]
ERROR: [Common 17-180] Spawn failed: No error
WARNING: [filemgmt 56-199] Attempt to get parsing info during refresh. "On-the-fly" syntax checking information may be incorrect. [C:\Users\86178\Desktop\project\pipelined_CPU\Pipelined_CPU\Pipelined_CPU.srcs\sources_1\new\pc.v:]
WARNING: [filemgmt 56-199] Attempt to get parsing info during refresh. "On-the-fly" syntax checking information may be incorrect. [C:\Users\86178\Desktop\project\pipelined_CPU\Pipelined_CPU\Pipelined_CPU.srcs\sources_1\new\MUX_REGSRC.v:]
ERROR: [Common 17-180] Spawn failed: No error
WARNING: [filemgmt 56-199] Attempt to get parsing info during refresh. "On-the-fly" syntax checking information may be incorrect. [C:\Users\86178\Desktop\project\pipelined_CPU\Pipelined_CPU\Pipelined_CPU.srcs\sources_1\new\pc.v:]
WARNING: [filemgmt 56-199] Attempt to get parsing info during refresh. "On-the-fly" syntax checking information may be incorrect. [C:\Users\86178\Desktop\project\pipelined_CPU\Pipelined_CPU\Pipelined_CPU.srcs\sources_1\new\MUX_REGSRC.v:]
WARNING: [filemgmt 56-199] Attempt to get parsing info during refresh. "On-the-fly" syntax checking information may be incorrect. [C:\Users\86178\Desktop\project\pipelined_CPU\Pipelined_CPU\Pipelined_CPU.srcs\sources_1\new\pc.v:]
WARNING: [filemgmt 56-199] Attempt to get parsing info during refresh. "On-the-fly" syntax checking information may be incorrect. [C:\Users\86178\Desktop\project\pipelined_CPU\Pipelined_CPU\Pipelined_CPU.srcs\sources_1\new\MUX_REGSRC.v:]
ERROR: [Common 17-180] Spawn failed: No error
WARNING: [filemgmt 56-199] Attempt to get parsing info during refresh. "On-the-fly" syntax checking information may be incorrect. [C:\Users\86178\Desktop\project\pipelined_CPU\Pipelined_CPU\Pipelined_CPU.srcs\sources_1\new\pc.v:]
WARNING: [filemgmt 56-199] Attempt to get parsing info during refresh. "On-the-fly" syntax checking information may be incorrect. [C:\Users\86178\Desktop\project\pipelined_CPU\Pipelined_CPU\Pipelined_CPU.srcs\sources_1\new\MUX_REGSRC.v:]
ERROR: [Common 17-180] Spawn failed: No error
WARNING: [filemgmt 56-199] Attempt to get parsing info during refresh. "On-the-fly" syntax checking information may be incorrect. [C:\Users\86178\Desktop\project\pipelined_CPU\Pipelined_CPU\Pipelined_CPU.srcs\sources_1\new\pc.v:]
WARNING: [filemgmt 56-199] Attempt to get parsing info during refresh. "On-the-fly" syntax checking information may be incorrect. [C:\Users\86178\Desktop\project\pipelined_CPU\Pipelined_CPU\Pipelined_CPU.srcs\sources_1\new\MUX_REGSRC.v:]
ERROR: [Common 17-180] Spawn failed: No error
WARNING: [filemgmt 56-199] Attempt to get parsing info during refresh. "On-the-fly" syntax checking information may be incorrect. [C:\Users\86178\Desktop\project\pipelined_CPU\Pipelined_CPU\Pipelined_CPU.srcs\sources_1\new\pc.v:]
WARNING: [filemgmt 56-199] Attempt to get parsing info during refresh. "On-the-fly" syntax checking information may be incorrect. [C:\Users\86178\Desktop\project\pipelined_CPU\Pipelined_CPU\Pipelined_CPU.srcs\sources_1\new\MUX_REGSRC.v:]
ERROR: [Common 17-180] Spawn failed: No error
WARNING: [filemgmt 56-199] Attempt to get parsing info during refresh. "On-the-fly" syntax checking information may be incorrect. [C:\Users\86178\Desktop\project\pipelined_CPU\Pipelined_CPU\Pipelined_CPU.srcs\sources_1\new\pc.v:]
WARNING: [filemgmt 56-199] Attempt to get parsing info during refresh. "On-the-fly" syntax checking information may be incorrect. [C:\Users\86178\Desktop\project\pipelined_CPU\Pipelined_CPU\Pipelined_CPU.srcs\sources_1\new\MUX_REGSRC.v:]
ERROR: [Common 17-180] Spawn failed: No error
WARNING: [filemgmt 56-199] Attempt to get parsing info during refresh. "On-the-fly" syntax checking information may be incorrect. [C:\Users\86178\Desktop\project\pipelined_CPU\Pipelined_CPU\Pipelined_CPU.srcs\sources_1\new\pc.v:]
WARNING: [filemgmt 56-199] Attempt to get parsing info during refresh. "On-the-fly" syntax checking information may be incorrect. [C:\Users\86178\Desktop\project\pipelined_CPU\Pipelined_CPU\Pipelined_CPU.srcs\sources_1\new\MUX_REGSRC.v:]
ERROR: [Common 17-180] Spawn failed: No error
WARNING: [filemgmt 56-199] Attempt to get parsing info during refresh. "On-the-fly" syntax checking information may be incorrect. [C:\Users\86178\Desktop\project\pipelined_CPU\Pipelined_CPU\Pipelined_CPU.srcs\sources_1\new\pc.v:]
WARNING: [filemgmt 56-199] Attempt to get parsing info during refresh. "On-the-fly" syntax checking information may be incorrect. [C:\Users\86178\Desktop\project\pipelined_CPU\Pipelined_CPU\Pipelined_CPU.srcs\sources_1\new\MUX_REGSRC.v:]
ERROR: [Common 17-180] Spawn failed: No error
WARNING: [filemgmt 56-199] Attempt to get parsing info during refresh. "On-the-fly" syntax checking information may be incorrect. [C:\Users\86178\Desktop\project\pipelined_CPU\Pipelined_CPU\Pipelined_CPU.srcs\sources_1\new\pc.v:]
WARNING: [filemgmt 56-199] Attempt to get parsing info during refresh. "On-the-fly" syntax checking information may be incorrect. [C:\Users\86178\Desktop\project\pipelined_CPU\Pipelined_CPU\Pipelined_CPU.srcs\sources_1\new\MUX_REGSRC.v:]
ERROR: [Common 17-180] Spawn failed: No error
WARNING: [filemgmt 56-199] Attempt to get parsing info during refresh. "On-the-fly" syntax checking information may be incorrect. [C:\Users\86178\Desktop\project\pipelined_CPU\Pipelined_CPU\Pipelined_CPU.srcs\sources_1\new\pc.v:]
WARNING: [filemgmt 56-199] Attempt to get parsing info during refresh. "On-the-fly" syntax checking information may be incorrect. [C:\Users\86178\Desktop\project\pipelined_CPU\Pipelined_CPU\Pipelined_CPU.srcs\sources_1\new\head_file.vh:]
WARNING: [filemgmt 56-199] Attempt to get parsing info during refresh. "On-the-fly" syntax checking information may be incorrect. [C:\Users\86178\Desktop\project\pipelined_CPU\Pipelined_CPU\Pipelined_CPU.srcs\sources_1\new\MUX_REGSRC.v:]
ERROR: [Common 17-180] Spawn failed: No error
close [ open C:/Users/86178/Desktop/project/pipelined_CPU/Pipelined_CPU/Pipelined_CPU.srcs/sources_1/new/npc.v w ]
add_files C:/Users/86178/Desktop/project/pipelined_CPU/Pipelined_CPU/Pipelined_CPU.srcs/sources_1/new/npc.v
update_compile_order -fileset sources_1
WARNING: [filemgmt 56-199] Attempt to get parsing info during refresh. "On-the-fly" syntax checking information may be incorrect. [C:\Users\86178\Desktop\project\pipelined_CPU\Pipelined_CPU\Pipelined_CPU.srcs\sources_1\new\pc.v:]
WARNING: [filemgmt 56-199] Attempt to get parsing info during refresh. "On-the-fly" syntax checking information may be incorrect. [C:\Users\86178\Desktop\project\pipelined_CPU\Pipelined_CPU\Pipelined_CPU.srcs\sources_1\new\head_file.vh:]
WARNING: [filemgmt 56-199] Attempt to get parsing info during refresh. "On-the-fly" syntax checking information may be incorrect. [C:\Users\86178\Desktop\project\pipelined_CPU\Pipelined_CPU\Pipelined_CPU.srcs\sources_1\new\npc.v:]
WARNING: [filemgmt 56-199] Attempt to get parsing info during refresh. "On-the-fly" syntax checking information may be incorrect. [C:\Users\86178\Desktop\project\pipelined_CPU\Pipelined_CPU\Pipelined_CPU.srcs\sources_1\new\MUX_REGSRC.v:]
ERROR: [Common 17-180] Spawn failed: No error
WARNING: [filemgmt 56-199] Attempt to get parsing info during refresh. "On-the-fly" syntax checking information may be incorrect. [C:\Users\86178\Desktop\project\pipelined_CPU\Pipelined_CPU\Pipelined_CPU.srcs\sources_1\new\pc.v:]
WARNING: [filemgmt 56-199] Attempt to get parsing info during refresh. "On-the-fly" syntax checking information may be incorrect. [C:\Users\86178\Desktop\project\pipelined_CPU\Pipelined_CPU\Pipelined_CPU.srcs\sources_1\new\head_file.vh:]
WARNING: [filemgmt 56-199] Attempt to get parsing info during refresh. "On-the-fly" syntax checking information may be incorrect. [C:\Users\86178\Desktop\project\pipelined_CPU\Pipelined_CPU\Pipelined_CPU.srcs\sources_1\new\npc.v:]
WARNING: [filemgmt 56-199] Attempt to get parsing info during refresh. "On-the-fly" syntax checking information may be incorrect. [C:\Users\86178\Desktop\project\pipelined_CPU\Pipelined_CPU\Pipelined_CPU.srcs\sources_1\new\MUX_REGSRC.v:]
ERROR: [Common 17-180] Spawn failed: No error
WARNING: [filemgmt 56-199] Attempt to get parsing info during refresh. "On-the-fly" syntax checking information may be incorrect. [C:\Users\86178\Desktop\project\pipelined_CPU\Pipelined_CPU\Pipelined_CPU.srcs\sources_1\new\pc.v:]
WARNING: [filemgmt 56-199] Attempt to get parsing info during refresh. "On-the-fly" syntax checking information may be incorrect. [C:\Users\86178\Desktop\project\pipelined_CPU\Pipelined_CPU\Pipelined_CPU.srcs\sources_1\new\head_file.vh:]
WARNING: [filemgmt 56-199] Attempt to get parsing info during refresh. "On-the-fly" syntax checking information may be incorrect. [C:\Users\86178\Desktop\project\pipelined_CPU\Pipelined_CPU\Pipelined_CPU.srcs\sources_1\new\npc.v:]
WARNING: [filemgmt 56-199] Attempt to get parsing info during refresh. "On-the-fly" syntax checking information may be incorrect. [C:\Users\86178\Desktop\project\pipelined_CPU\Pipelined_CPU\Pipelined_CPU.srcs\sources_1\new\MUX_REGSRC.v:]
ERROR: [Common 17-180] Spawn failed: No error
WARNING: [filemgmt 56-199] Attempt to get parsing info during refresh. "On-the-fly" syntax checking information may be incorrect. [C:\Users\86178\Desktop\project\pipelined_CPU\Pipelined_CPU\Pipelined_CPU.srcs\sources_1\new\pc.v:]
WARNING: [filemgmt 56-199] Attempt to get parsing info during refresh. "On-the-fly" syntax checking information may be incorrect. [C:\Users\86178\Desktop\project\pipelined_CPU\Pipelined_CPU\Pipelined_CPU.srcs\sources_1\new\head_file.vh:]
WARNING: [filemgmt 56-199] Attempt to get parsing info during refresh. "On-the-fly" syntax checking information may be incorrect. [C:\Users\86178\Desktop\project\pipelined_CPU\Pipelined_CPU\Pipelined_CPU.srcs\sources_1\new\npc.v:]
WARNING: [filemgmt 56-199] Attempt to get parsing info during refresh. "On-the-fly" syntax checking information may be incorrect. [C:\Users\86178\Desktop\project\pipelined_CPU\Pipelined_CPU\Pipelined_CPU.srcs\sources_1\new\MUX_REGSRC.v:]
WARNING: [filemgmt 56-199] Attempt to get parsing info during refresh. "On-the-fly" syntax checking information may be incorrect. [C:\Users\86178\Desktop\project\pipelined_CPU\Pipelined_CPU\Pipelined_CPU.srcs\sources_1\new\pc.v:]
WARNING: [filemgmt 56-199] Attempt to get parsing info during refresh. "On-the-fly" syntax checking information may be incorrect. [C:\Users\86178\Desktop\project\pipelined_CPU\Pipelined_CPU\Pipelined_CPU.srcs\sources_1\new\head_file.vh:]
WARNING: [filemgmt 56-199] Attempt to get parsing info during refresh. "On-the-fly" syntax checking information may be incorrect. [C:\Users\86178\Desktop\project\pipelined_CPU\Pipelined_CPU\Pipelined_CPU.srcs\sources_1\new\npc.v:]
WARNING: [filemgmt 56-199] Attempt to get parsing info during refresh. "On-the-fly" syntax checking information may be incorrect. [C:\Users\86178\Desktop\project\pipelined_CPU\Pipelined_CPU\Pipelined_CPU.srcs\sources_1\new\MUX_REGSRC.v:]
ERROR: [Common 17-180] Spawn failed: No error
WARNING: [filemgmt 56-199] Attempt to get parsing info during refresh. "On-the-fly" syntax checking information may be incorrect. [C:\Users\86178\Desktop\project\pipelined_CPU\Pipelined_CPU\Pipelined_CPU.srcs\sources_1\new\pc.v:]
WARNING: [filemgmt 56-199] Attempt to get parsing info during refresh. "On-the-fly" syntax checking information may be incorrect. [C:\Users\86178\Desktop\project\pipelined_CPU\Pipelined_CPU\Pipelined_CPU.srcs\sources_1\new\head_file.vh:]
WARNING: [filemgmt 56-199] Attempt to get parsing info during refresh. "On-the-fly" syntax checking information may be incorrect. [C:\Users\86178\Desktop\project\pipelined_CPU\Pipelined_CPU\Pipelined_CPU.srcs\sources_1\new\npc.v:]
WARNING: [filemgmt 56-199] Attempt to get parsing info during refresh. "On-the-fly" syntax checking information may be incorrect. [C:\Users\86178\Desktop\project\pipelined_CPU\Pipelined_CPU\Pipelined_CPU.srcs\sources_1\new\MUX_REGSRC.v:]
ERROR: [Common 17-180] Spawn failed: No error
exit
INFO: [Common 17-206] Exiting Vivado at Wed Aug 23 00:27:13 2023...
