Vivado Simulator 2019.2
Copyright 1986-1999, 2001-2019 Xilinx, Inc. All Rights Reserved.
Running: D:/Xilinx/Vivado/2019.2/bin/unwrapped/win64.o/xelab.exe -wto 6341679d845048749a074a93fb3d7cb7 --incr --debug typical --relax --mt 2 -L dist_mem_gen_v8_0_13 -L xil_defaultlib -L unisims_ver -L unimacro_ver -L secureip -L xpm --snapshot tb_top_behav xil_defaultlib.tb_top xil_defaultlib.glbl -log elaborate.log 
Using 2 slave threads.
Starting static elaboration
Pass Through NonSizing Optimizer
WARNING: [VRFC 10-3091] actual bit length 1 differs from formal bit length 32 for port 'ins_d' [D:/Pipelined_CPU_RISCV/pipeline_cpu_riscv.srcs/sources_1/new/CPU.v:140]
Completed static elaboration
Starting simulation data flow analysis
Completed simulation data flow analysis
Time Resolution for simulation is 1ps
Compiling module unisims_ver.IBUF
Compiling module unisims_ver.MMCME2_ADV(CLKFBOUT_MULT_F=10.0,...
Compiling module unisims_ver.BUFG
Compiling module xil_defaultlib.clk_50M_clk_wiz
Compiling module xil_defaultlib.clk_50M
Compiling module xil_defaultlib.PC
Compiling module dist_mem_gen_v8_0_13.dist_mem_gen_v8_0_13(C_FAMILY="k...
Compiling module xil_defaultlib.instruction_mem
Compiling module xil_defaultlib.InsMem
Compiling module xil_defaultlib.ControlUnit
Compiling module xil_defaultlib.RegFile
Compiling module xil_defaultlib.Imm_gen
Compiling module xil_defaultlib.ALU_mux
Compiling module xil_defaultlib.sr1_mux
Compiling module xil_defaultlib.sr2_mux
Compiling module xil_defaultlib.ALU
Compiling module xil_defaultlib.DataMem
Compiling module xil_defaultlib.RF_mux
Compiling module xil_defaultlib.PC_mux
Compiling module xil_defaultlib.IF_ID
Compiling module xil_defaultlib.ID_EX
Compiling module xil_defaultlib.EX_ME
Compiling module xil_defaultlib.ME_WB
Compiling module xil_defaultlib.Hazard_Unit
Compiling module xil_defaultlib.Forward_Unit
Compiling module xil_defaultlib.CPU
Compiling module xil_defaultlib.LightShow
Compiling module xil_defaultlib.uart_rx(UART_BPS=14'b10010110000...
Compiling module xil_defaultlib.uart_tx(UART_BPS=14'b10010110000...
Compiling module xil_defaultlib.rs232
Compiling module xil_defaultlib.top
Compiling module xil_defaultlib.tb_top
Compiling module xil_defaultlib.glbl
Built simulation snapshot tb_top_behav
