#-----------------------------------------------------------
# Vivado v2019.2 (64-bit)
# SW Build 2708876 on Wed Nov  6 21:40:23 MST 2019
# IP Build 2700528 on Thu Nov  7 00:09:20 MST 2019
# Start of session at: Mon Aug 28 15:26:05 2023
# Process ID: 10604
# Current directory: D:/Pipelined_CPU_RISCV
# Command line: vivado.exe -gui_launcher_event rodinguilauncherevent20176 D:\Pipelined_CPU_RISCV\pipeline_cpu_riscv.xpr
# Log file: D:/Pipelined_CPU_RISCV/vivado.log
# Journal file: D:/Pipelined_CPU_RISCV\vivado.jou
#-----------------------------------------------------------
start_gui
open_project D:/Pipelined_CPU_RISCV/pipeline_cpu_riscv.xpr
INFO: [Project 1-313] Project file moved from 'D:/桌面/本科课程/计算机组成与体系结构/计组小学期/pipelined_CPU/Pipelined_CPU_RISCV' since last save.
Scanning sources...
Finished scanning sources
INFO: [IP_Flow 19-234] Refreshing IP repositories
INFO: [IP_Flow 19-1704] No user IP repositories specified
INFO: [IP_Flow 19-2313] Loaded Vivado IP repository 'D:/Xilinx/Vivado/2019.2/data/ip'.
WARNING: [IP_Flow 19-2162] IP 'instruction_mem' is locked:
* Current project part 'xc7a100tcsg324-1' and the part 'xc7k70tfbv676-1' used to customize the IP 'instruction_mem' do not match.
update_compile_order -fileset sources_1
reset_run instruction_mem_synth_1
reset_run synth_5
launch_runs synth_5 -jobs 14
WARNING: [Project 1-577] IP run instruction_mem_synth_1 is available but is out of date. Since the IP is locked, the synthesis checkpoint cannot be updated. The out-of-date checkpoint will be used and it may result in incorrect behavior.
Please select 'Report IP Status' from the 'Tools/Report' menu or run the Tcl command 'report_ip_status' for more information.
WARNING: [Runs 36-337] The following IPs are either missing output products or output products are not up-to-date for Synthesis target. Since these IPs are locked, no update to the output products can be done. 
Please select 'Report IP Status' from the 'Tools/Report' menu or run Tcl command 'report_ip_status' for more information.
D:/Pipelined_CPU_RISCV/pipeline_cpu_riscv.srcs/sources_1/ip/instruction_mem/instruction_mem.xci

WARNING: [Project 1-576] IP 'D:/Pipelined_CPU_RISCV/pipeline_cpu_riscv.srcs/sources_1/ip/instruction_mem/instruction_mem.xci' in run instruction_mem_synth_1 is locked, no out-of-context (OOC) run will be launched. The run may not be able to complete.
Please select 'Report IP Status' from 'Tools/Report' or run the Tcl command 'report_ip_status' for more information.
[Mon Aug 28 15:27:10 2023] Launched instruction_mem_synth_1...
Run output will be captured here: D:/Pipelined_CPU_RISCV/pipeline_cpu_riscv.runs/instruction_mem_synth_1/runme.log
[Mon Aug 28 15:27:11 2023] Launched synth_5...
Run output will be captured here: D:/Pipelined_CPU_RISCV/pipeline_cpu_riscv.runs/synth_5/runme.log
launch_runs impl_3 -to_step write_bitstream -jobs 14
[Mon Aug 28 15:30:19 2023] Launched impl_3...
Run output will be captured here: D:/Pipelined_CPU_RISCV/pipeline_cpu_riscv.runs/impl_3/runme.log
open_hw_manager
connect_hw_server -allow_non_jtag
INFO: [Labtools 27-2285] Connecting to hw_server url TCP:localhost:3121
INFO: [Labtools 27-2222] Launching hw_server...
INFO: [Labtools 27-2221] Launch Output:

****** Xilinx hw_server v2019.2
  **** Build date : Nov  6 2019 at 22:12:23
    ** Copyright 1986-2019 Xilinx, Inc. All Rights Reserved.


INFO: [Labtools 27-3415] Connecting to cs_server url TCP:localhost:3042
INFO: [Labtools 27-3417] Launching cs_server...
INFO: [Labtools 27-2221] Launch Output:


****** Xilinx cs_server v2019.2.0
  **** Build date : Nov 07 2019-13:28:22
    ** Copyright 2017-2019 Xilinx, Inc. All Rights Reserved.



connect_hw_server: Time (s): cpu = 00:00:00 ; elapsed = 00:00:06 . Memory (MB): peak = 935.883 ; gain = 2.719
open_hw_target
INFO: [Labtoolstcl 44-466] Opening hw_target localhost:3121/xilinx_tcf/Xilinx/1234-tulA
set_property PROGRAM.FILE {D:/Pipelined_CPU_RISCV/pipeline_cpu_riscv.runs/impl_3/top.bit} [get_hw_devices xc7a100t_0]
current_hw_device [get_hw_devices xc7a100t_0]
refresh_hw_device -update_hw_probes false [lindex [get_hw_devices xc7a100t_0] 0]
INFO: [Labtools 27-1434] Device xc7a100t (JTAG device index = 0) is programmed with a design that has no supported debug core(s) in it.
set_property PROBES.FILE {} [get_hw_devices xc7a100t_0]
set_property FULL_PROBES.FILE {} [get_hw_devices xc7a100t_0]
set_property PROGRAM.FILE {D:/Pipelined_CPU_RISCV/pipeline_cpu_riscv.runs/impl_3/top.bit} [get_hw_devices xc7a100t_0]
program_hw_devices [get_hw_devices xc7a100t_0]
INFO: [Labtools 27-3164] End of startup status: HIGH
refresh_hw_device [lindex [get_hw_devices xc7a100t_0] 0]
INFO: [Labtools 27-1434] Device xc7a100t (JTAG device index = 0) is programmed with a design that has no supported debug core(s) in it.
set_property PROBES.FILE {} [get_hw_devices xc7a100t_0]
set_property FULL_PROBES.FILE {} [get_hw_devices xc7a100t_0]
set_property PROGRAM.FILE {D:/Pipelined_CPU_RISCV/pipeline_cpu_riscv.runs/impl_3/top.bit} [get_hw_devices xc7a100t_0]
program_hw_devices [get_hw_devices xc7a100t_0]
INFO: [Labtools 27-3164] End of startup status: HIGH
refresh_hw_device [lindex [get_hw_devices xc7a100t_0] 0]
INFO: [Labtools 27-1434] Device xc7a100t (JTAG device index = 0) is programmed with a design that has no supported debug core(s) in it.
set_property PROBES.FILE {} [get_hw_devices xc7a100t_0]
set_property FULL_PROBES.FILE {} [get_hw_devices xc7a100t_0]
set_property PROGRAM.FILE {D:/Pipelined_CPU_RISCV/pipeline_cpu_riscv.runs/impl_3/top.bit} [get_hw_devices xc7a100t_0]
program_hw_devices [get_hw_devices xc7a100t_0]
INFO: [Labtools 27-3164] End of startup status: HIGH
refresh_hw_device [lindex [get_hw_devices xc7a100t_0] 0]
INFO: [Labtools 27-1434] Device xc7a100t (JTAG device index = 0) is programmed with a design that has no supported debug core(s) in it.
reset_run synth_5
launch_runs synth_5 -jobs 14
[Mon Aug 28 15:35:18 2023] Launched synth_5...
Run output will be captured here: D:/Pipelined_CPU_RISCV/pipeline_cpu_riscv.runs/synth_5/runme.log
launch_runs impl_3 -to_step write_bitstream -jobs 14
[Mon Aug 28 15:38:00 2023] Launched impl_3...
Run output will be captured here: D:/Pipelined_CPU_RISCV/pipeline_cpu_riscv.runs/impl_3/runme.log
set_property PROBES.FILE {} [get_hw_devices xc7a100t_0]
set_property FULL_PROBES.FILE {} [get_hw_devices xc7a100t_0]
set_property PROGRAM.FILE {D:/Pipelined_CPU_RISCV/pipeline_cpu_riscv.runs/impl_3/top.bit} [get_hw_devices xc7a100t_0]
program_hw_devices [get_hw_devices xc7a100t_0]
INFO: [Labtools 27-3164] End of startup status: HIGH
refresh_hw_device [lindex [get_hw_devices xc7a100t_0] 0]
INFO: [Labtools 27-1434] Device xc7a100t (JTAG device index = 0) is programmed with a design that has no supported debug core(s) in it.
ERROR: [Labtoolstcl 44-513] HW Target shutdown. Closing target: localhost:3121/xilinx_tcf/Xilinx/1234-tulA
INFO: [Labtoolstcl 44-466] Opening hw_target localhost:3121/xilinx_tcf/Xilinx/1234-tulA
INFO: [Labtools 27-1435] Device xc7a100t (JTAG device index = 0) is not programmed (DONE status = 0).
WARNING: [Labtoolstcl 44-129] No matching hw_ila_data was found.
set_property PROBES.FILE {} [get_hw_devices xc7a100t_0]
set_property FULL_PROBES.FILE {} [get_hw_devices xc7a100t_0]
set_property PROGRAM.FILE {D:/Pipelined_CPU_RISCV/pipeline_cpu_riscv.runs/impl_3/top.bit} [get_hw_devices xc7a100t_0]
program_hw_devices [get_hw_devices xc7a100t_0]
INFO: [Labtools 27-3164] End of startup status: HIGH
refresh_hw_device [lindex [get_hw_devices xc7a100t_0] 0]
INFO: [Labtools 27-1434] Device xc7a100t (JTAG device index = 0) is programmed with a design that has no supported debug core(s) in it.
ERROR: [Labtoolstcl 44-513] HW Target shutdown. Closing target: localhost:3121/xilinx_tcf/Xilinx/1234-tulA
launch_simulation
Command: launch_simulation 
INFO: [Vivado 12-5698] Checking validity of IPs in the design for the 'XSim' simulator...
INFO: [Vivado 12-5682] Launching behavioral simulation in 'D:/Pipelined_CPU_RISCV/pipeline_cpu_riscv.sim/sim_1/behav/xsim'
INFO: [Vivado 12-4795] Using compiled simulation libraries for IPs
INFO: [SIM-utils-51] Simulation object is 'sim_1'
INFO: [USF-XSim-7] Finding pre-compiled libraries...
INFO: [USF-XSim-11] File 'D:/Xilinx/Vivado/2019.2/data/xsim/xsim.ini' copied to run dir:'D:/Pipelined_CPU_RISCV/pipeline_cpu_riscv.sim/sim_1/behav/xsim'
INFO: [SIM-utils-54] Inspecting design source files for 'tb_top' in fileset 'sim_1'...
INFO: [SIM-utils-43] Exported 'D:/Pipelined_CPU_RISCV/pipeline_cpu_riscv.sim/sim_1/behav/xsim/instruction_mem.mif'
INFO: [SIM-utils-43] Exported 'D:/Pipelined_CPU_RISCV/pipeline_cpu_riscv.sim/sim_1/behav/xsim/inst.coe'
INFO: [SIM-utils-43] Exported 'D:/Pipelined_CPU_RISCV/pipeline_cpu_riscv.sim/sim_1/behav/xsim/data_mem.coe'
INFO: [USF-XSim-97] Finding global include files...
INFO: [USF-XSim-98] Fetching design files from 'sim_1'...
INFO: [USF-XSim-2] XSim::Compile design
INFO: [USF-XSim-61] Executing 'COMPILE and ANALYZE' step in 'D:/Pipelined_CPU_RISCV/pipeline_cpu_riscv.sim/sim_1/behav/xsim'
"xvlog --incr --relax -prj tb_top_vlog.prj"
INFO: [VRFC 10-2263] Analyzing Verilog file "D:/Pipelined_CPU_RISCV/pipeline_cpu_riscv.ip_user_files/ipstatic/simulation/dist_mem_gen_v8_0.v" into library dist_mem_gen_v8_0_13
INFO: [VRFC 10-311] analyzing module dist_mem_gen_v8_0_13
INFO: [VRFC 10-2263] Analyzing Verilog file "D:/Pipelined_CPU_RISCV/pipeline_cpu_riscv.srcs/sources_1/ip/instruction_mem/sim/instruction_mem.v" into library xil_defaultlib
INFO: [VRFC 10-311] analyzing module instruction_mem
INFO: [VRFC 10-2263] Analyzing Verilog file "D:/Pipelined_CPU_RISCV/pipeline_cpu_riscv.srcs/sources_1/ip/clk_50M/clk_50M_clk_wiz.v" into library xil_defaultlib
INFO: [VRFC 10-311] analyzing module clk_50M_clk_wiz
INFO: [VRFC 10-2263] Analyzing Verilog file "D:/Pipelined_CPU_RISCV/pipeline_cpu_riscv.srcs/sources_1/ip/clk_50M/clk_50M.v" into library xil_defaultlib
INFO: [VRFC 10-311] analyzing module clk_50M
INFO: [VRFC 10-2263] Analyzing Verilog file "D:/Pipelined_CPU_RISCV/pipeline_cpu_riscv.srcs/sources_1/new/ALU.v" into library xil_defaultlib
INFO: [VRFC 10-311] analyzing module ALU
INFO: [VRFC 10-2263] Analyzing Verilog file "D:/Pipelined_CPU_RISCV/pipeline_cpu_riscv.srcs/sources_1/new/ALU_mux.v" into library xil_defaultlib
INFO: [VRFC 10-311] analyzing module ALU_mux
INFO: [VRFC 10-2263] Analyzing Verilog file "D:/Pipelined_CPU_RISCV/pipeline_cpu_riscv.srcs/sources_1/new/CPU.v" into library xil_defaultlib
INFO: [VRFC 10-311] analyzing module CPU
INFO: [VRFC 10-2458] undeclared symbol ins_data, assumed default net type wire [D:/Pipelined_CPU_RISCV/pipeline_cpu_riscv.srcs/sources_1/new/CPU.v:140]
INFO: [VRFC 10-2458] undeclared symbol io_dout, assumed default net type wire [D:/Pipelined_CPU_RISCV/pipeline_cpu_riscv.srcs/sources_1/new/CPU.v:171]
INFO: [VRFC 10-2458] undeclared symbol io_we, assumed default net type wire [D:/Pipelined_CPU_RISCV/pipeline_cpu_riscv.srcs/sources_1/new/CPU.v:172]
INFO: [VRFC 10-2458] undeclared symbol rf_data, assumed default net type wire [D:/Pipelined_CPU_RISCV/pipeline_cpu_riscv.srcs/sources_1/new/CPU.v:174]
INFO: [VRFC 10-2458] undeclared symbol pc, assumed default net type wire [D:/Pipelined_CPU_RISCV/pipeline_cpu_riscv.srcs/sources_1/new/CPU.v:178]
INFO: [VRFC 10-2458] undeclared symbol pcd, assumed default net type wire [D:/Pipelined_CPU_RISCV/pipeline_cpu_riscv.srcs/sources_1/new/CPU.v:179]
INFO: [VRFC 10-2458] undeclared symbol ir, assumed default net type wire [D:/Pipelined_CPU_RISCV/pipeline_cpu_riscv.srcs/sources_1/new/CPU.v:180]
INFO: [VRFC 10-2458] undeclared symbol pcin, assumed default net type wire [D:/Pipelined_CPU_RISCV/pipeline_cpu_riscv.srcs/sources_1/new/CPU.v:181]
INFO: [VRFC 10-2458] undeclared symbol pce, assumed default net type wire [D:/Pipelined_CPU_RISCV/pipeline_cpu_riscv.srcs/sources_1/new/CPU.v:184]
INFO: [VRFC 10-2458] undeclared symbol a, assumed default net type wire [D:/Pipelined_CPU_RISCV/pipeline_cpu_riscv.srcs/sources_1/new/CPU.v:185]
INFO: [VRFC 10-2458] undeclared symbol b, assumed default net type wire [D:/Pipelined_CPU_RISCV/pipeline_cpu_riscv.srcs/sources_1/new/CPU.v:186]
INFO: [VRFC 10-2458] undeclared symbol imm, assumed default net type wire [D:/Pipelined_CPU_RISCV/pipeline_cpu_riscv.srcs/sources_1/new/CPU.v:187]
INFO: [VRFC 10-2458] undeclared symbol rd, assumed default net type wire [D:/Pipelined_CPU_RISCV/pipeline_cpu_riscv.srcs/sources_1/new/CPU.v:188]
INFO: [VRFC 10-2458] undeclared symbol ctrl, assumed default net type wire [D:/Pipelined_CPU_RISCV/pipeline_cpu_riscv.srcs/sources_1/new/CPU.v:189]
INFO: [VRFC 10-2458] undeclared symbol y, assumed default net type wire [D:/Pipelined_CPU_RISCV/pipeline_cpu_riscv.srcs/sources_1/new/CPU.v:192]
INFO: [VRFC 10-2458] undeclared symbol bm, assumed default net type wire [D:/Pipelined_CPU_RISCV/pipeline_cpu_riscv.srcs/sources_1/new/CPU.v:193]
INFO: [VRFC 10-2458] undeclared symbol rdm, assumed default net type wire [D:/Pipelined_CPU_RISCV/pipeline_cpu_riscv.srcs/sources_1/new/CPU.v:194]
INFO: [VRFC 10-2458] undeclared symbol ctrlm, assumed default net type wire [D:/Pipelined_CPU_RISCV/pipeline_cpu_riscv.srcs/sources_1/new/CPU.v:195]
INFO: [VRFC 10-2458] undeclared symbol yw, assumed default net type wire [D:/Pipelined_CPU_RISCV/pipeline_cpu_riscv.srcs/sources_1/new/CPU.v:199]
INFO: [VRFC 10-2458] undeclared symbol mdr, assumed default net type wire [D:/Pipelined_CPU_RISCV/pipeline_cpu_riscv.srcs/sources_1/new/CPU.v:200]
INFO: [VRFC 10-2458] undeclared symbol rdw, assumed default net type wire [D:/Pipelined_CPU_RISCV/pipeline_cpu_riscv.srcs/sources_1/new/CPU.v:201]
INFO: [VRFC 10-2458] undeclared symbol ctrlw, assumed default net type wire [D:/Pipelined_CPU_RISCV/pipeline_cpu_riscv.srcs/sources_1/new/CPU.v:202]
INFO: [VRFC 10-2263] Analyzing Verilog file "D:/Pipelined_CPU_RISCV/pipeline_cpu_riscv.srcs/sources_1/new/ControlUnit.v" into library xil_defaultlib
INFO: [VRFC 10-311] analyzing module ControlUnit
INFO: [VRFC 10-2263] Analyzing Verilog file "D:/Pipelined_CPU_RISCV/pipeline_cpu_riscv.srcs/sources_1/new/DataMem.v" into library xil_defaultlib
INFO: [VRFC 10-311] analyzing module DataMem
INFO: [VRFC 10-2263] Analyzing Verilog file "D:/Pipelined_CPU_RISCV/pipeline_cpu_riscv.srcs/sources_1/new/EX_ME.v" into library xil_defaultlib
INFO: [VRFC 10-311] analyzing module EX_ME
INFO: [VRFC 10-2263] Analyzing Verilog file "D:/Pipelined_CPU_RISCV/pipeline_cpu_riscv.srcs/sources_1/new/Forward_Unit.v" into library xil_defaultlib
INFO: [VRFC 10-311] analyzing module Forward_Unit
INFO: [VRFC 10-2263] Analyzing Verilog file "D:/Pipelined_CPU_RISCV/pipeline_cpu_riscv.srcs/sources_1/new/Hazard_Unit.v" into library xil_defaultlib
INFO: [VRFC 10-311] analyzing module Hazard_Unit
INFO: [VRFC 10-2263] Analyzing Verilog file "D:/Pipelined_CPU_RISCV/pipeline_cpu_riscv.srcs/sources_1/new/ID_EX.v" into library xil_defaultlib
INFO: [VRFC 10-311] analyzing module ID_EX
INFO: [VRFC 10-2263] Analyzing Verilog file "D:/Pipelined_CPU_RISCV/pipeline_cpu_riscv.srcs/sources_1/new/IF_ID.v" into library xil_defaultlib
INFO: [VRFC 10-311] analyzing module IF_ID
INFO: [VRFC 10-2263] Analyzing Verilog file "D:/Pipelined_CPU_RISCV/pipeline_cpu_riscv.srcs/sources_1/new/ImmGen.v" into library xil_defaultlib
INFO: [VRFC 10-311] analyzing module Imm_gen
INFO: [VRFC 10-2263] Analyzing Verilog file "D:/Pipelined_CPU_RISCV/pipeline_cpu_riscv.srcs/sources_1/new/InsMem.v" into library xil_defaultlib
INFO: [VRFC 10-311] analyzing module InsMem
INFO: [VRFC 10-2263] Analyzing Verilog file "D:/Pipelined_CPU_RISCV/pipeline_cpu_riscv.srcs/sources_1/new/LightShow.v" into library xil_defaultlib
INFO: [VRFC 10-311] analyzing module LightShow
INFO: [VRFC 10-2263] Analyzing Verilog file "D:/Pipelined_CPU_RISCV/pipeline_cpu_riscv.srcs/sources_1/new/ME_WB.v" into library xil_defaultlib
INFO: [VRFC 10-311] analyzing module ME_WB
INFO: [VRFC 10-2263] Analyzing Verilog file "D:/Pipelined_CPU_RISCV/pipeline_cpu_riscv.srcs/sources_1/new/PC.v" into library xil_defaultlib
INFO: [VRFC 10-311] analyzing module PC
INFO: [VRFC 10-2263] Analyzing Verilog file "D:/Pipelined_CPU_RISCV/pipeline_cpu_riscv.srcs/sources_1/new/PC_mux.v" into library xil_defaultlib
INFO: [VRFC 10-311] analyzing module PC_mux
INFO: [VRFC 10-2263] Analyzing Verilog file "D:/Pipelined_CPU_RISCV/pipeline_cpu_riscv.srcs/sources_1/new/RF_mux.v" into library xil_defaultlib
INFO: [VRFC 10-311] analyzing module RF_mux
INFO: [VRFC 10-2263] Analyzing Verilog file "D:/Pipelined_CPU_RISCV/pipeline_cpu_riscv.srcs/sources_1/new/RegFile.v" into library xil_defaultlib
INFO: [VRFC 10-311] analyzing module RegFile
INFO: [VRFC 10-2263] Analyzing Verilog file "D:/Pipelined_CPU_RISCV/pipeline_cpu_riscv.srcs/sources_1/new/rs232.v" into library xil_defaultlib
INFO: [VRFC 10-311] analyzing module rs232
INFO: [VRFC 10-2263] Analyzing Verilog file "D:/Pipelined_CPU_RISCV/pipeline_cpu_riscv.srcs/sources_1/new/sr1_mux.v" into library xil_defaultlib
INFO: [VRFC 10-311] analyzing module sr1_mux
INFO: [VRFC 10-2263] Analyzing Verilog file "D:/Pipelined_CPU_RISCV/pipeline_cpu_riscv.srcs/sources_1/new/sr2_mux.v" into library xil_defaultlib
INFO: [VRFC 10-311] analyzing module sr2_mux
INFO: [VRFC 10-2263] Analyzing Verilog file "D:/Pipelined_CPU_RISCV/pipeline_cpu_riscv.srcs/sources_1/new/top.v" into library xil_defaultlib
INFO: [VRFC 10-311] analyzing module top
INFO: [VRFC 10-2458] undeclared symbol locked, assumed default net type wire [D:/Pipelined_CPU_RISCV/pipeline_cpu_riscv.srcs/sources_1/new/top.v:51]
INFO: [VRFC 10-2263] Analyzing Verilog file "D:/Pipelined_CPU_RISCV/pipeline_cpu_riscv.srcs/sources_1/new/uart_rx.v" into library xil_defaultlib
INFO: [VRFC 10-311] analyzing module uart_rx
INFO: [VRFC 10-2263] Analyzing Verilog file "D:/Pipelined_CPU_RISCV/pipeline_cpu_riscv.srcs/sources_1/new/uart_tx.v" into library xil_defaultlib
INFO: [VRFC 10-311] analyzing module uart_tx
INFO: [VRFC 10-2263] Analyzing Verilog file "D:/Pipelined_CPU_RISCV/pipeline_cpu_riscv.srcs/sim_1/new/tb_top.v" into library xil_defaultlib
INFO: [VRFC 10-311] analyzing module tb_top
INFO: [VRFC 10-2263] Analyzing Verilog file "D:/Pipelined_CPU_RISCV/pipeline_cpu_riscv.sim/sim_1/behav/xsim/glbl.v" into library xil_defaultlib
INFO: [VRFC 10-311] analyzing module glbl
run_program: Time (s): cpu = 00:00:00 ; elapsed = 00:00:05 . Memory (MB): peak = 2236.301 ; gain = 0.000
INFO: [USF-XSim-69] 'compile' step finished in '5' seconds
INFO: [USF-XSim-3] XSim::Elaborate design
INFO: [USF-XSim-61] Executing 'ELABORATE' step in 'D:/Pipelined_CPU_RISCV/pipeline_cpu_riscv.sim/sim_1/behav/xsim'
"xelab -wto 6341679d845048749a074a93fb3d7cb7 --incr --debug typical --relax --mt 2 -L dist_mem_gen_v8_0_13 -L xil_defaultlib -L unisims_ver -L unimacro_ver -L secureip -L xpm --snapshot tb_top_behav xil_defaultlib.tb_top xil_defaultlib.glbl -log elaborate.log"
Vivado Simulator 2019.2
Copyright 1986-1999, 2001-2019 Xilinx, Inc. All Rights Reserved.
Running: D:/Xilinx/Vivado/2019.2/bin/unwrapped/win64.o/xelab.exe -wto 6341679d845048749a074a93fb3d7cb7 --incr --debug typical --relax --mt 2 -L dist_mem_gen_v8_0_13 -L xil_defaultlib -L unisims_ver -L unimacro_ver -L secureip -L xpm --snapshot tb_top_behav xil_defaultlib.tb_top xil_defaultlib.glbl -log elaborate.log 
Using 2 slave threads.
Starting static elaboration
Pass Through NonSizing Optimizer
WARNING: [VRFC 10-3091] actual bit length 1 differs from formal bit length 32 for port 'ins_d' [D:/Pipelined_CPU_RISCV/pipeline_cpu_riscv.srcs/sources_1/new/CPU.v:140]
Completed static elaboration
Starting simulation data flow analysis
Completed simulation data flow analysis
Time Resolution for simulation is 1ps
Compiling module unisims_ver.IBUF
Compiling module unisims_ver.MMCME2_ADV(CLKFBOUT_MULT_F=10.0,...
Compiling module unisims_ver.BUFG
Compiling module xil_defaultlib.clk_50M_clk_wiz
Compiling module xil_defaultlib.clk_50M
Compiling module xil_defaultlib.PC
Compiling module dist_mem_gen_v8_0_13.dist_mem_gen_v8_0_13(C_FAMILY="k...
Compiling module xil_defaultlib.instruction_mem
Compiling module xil_defaultlib.InsMem
Compiling module xil_defaultlib.ControlUnit
Compiling module xil_defaultlib.RegFile
Compiling module xil_defaultlib.Imm_gen
Compiling module xil_defaultlib.ALU_mux
Compiling module xil_defaultlib.sr1_mux
Compiling module xil_defaultlib.sr2_mux
Compiling module xil_defaultlib.ALU
Compiling module xil_defaultlib.DataMem
Compiling module xil_defaultlib.RF_mux
Compiling module xil_defaultlib.PC_mux
Compiling module xil_defaultlib.IF_ID
Compiling module xil_defaultlib.ID_EX
Compiling module xil_defaultlib.EX_ME
Compiling module xil_defaultlib.ME_WB
Compiling module xil_defaultlib.Hazard_Unit
Compiling module xil_defaultlib.Forward_Unit
Compiling module xil_defaultlib.CPU
Compiling module xil_defaultlib.LightShow
Compiling module xil_defaultlib.uart_rx(UART_BPS=14'b10010110000...
Compiling module xil_defaultlib.uart_tx(UART_BPS=14'b10010110000...
Compiling module xil_defaultlib.rs232
Compiling module xil_defaultlib.top
Compiling module xil_defaultlib.tb_top
Compiling module xil_defaultlib.glbl
Built simulation snapshot tb_top_behav
INFO: [USF-XSim-69] 'elaborate' step finished in '3' seconds
INFO: [USF-XSim-4] XSim::Simulate design
INFO: [USF-XSim-61] Executing 'SIMULATE' step in 'D:/Pipelined_CPU_RISCV/pipeline_cpu_riscv.sim/sim_1/behav/xsim'
INFO: [USF-XSim-98] *** Running xsim
   with args "tb_top_behav -key {Behavioral:sim_1:Functional:tb_top} -tclbatch {tb_top.tcl} -view {D:/Pipelined_CPU_RISCV/testbench_behav.wcfg} -log {simulate.log}"
INFO: [USF-XSim-8] Loading simulator feature
Vivado Simulator 2019.2
Time resolution is 1 ps
open_wave_config D:/Pipelined_CPU_RISCV/testbench_behav.wcfg
WARNING: Simulation object /tb_top/TX_DATA was not found in the design.
source tb_top.tcl
# set curr_wave [current_wave_config]
# if { [string length $curr_wave] == 0 } {
#   if { [llength [get_objects]] > 0} {
#     add_wave /
#     set_property needs_save false [current_wave_config]
#   } else {
#      send_msg_id Add_Wave-1 WARNING "No top level signals found. Simulator will start without a wave window. If you want to open a wave window go to 'File->New Waveform Configuration' or type 'create_wave_config' in the TCL console."
#   }
# }
# run 1000ns
WARNING: This core is supplied with a behavioral model. To model cycle-accurate behavior you must run timing simulation.
INFO: [USF-XSim-96] XSim completed. Design snapshot 'tb_top_behav' loaded.
INFO: [USF-XSim-97] XSim simulation ran for 1000ns
launch_simulation: Time (s): cpu = 00:00:01 ; elapsed = 00:00:12 . Memory (MB): peak = 2236.301 ; gain = 1.539
run 5 ms
run: Time (s): cpu = 00:00:02 ; elapsed = 00:00:16 . Memory (MB): peak = 2236.301 ; gain = 0.000
relaunch_sim
Command: launch_simulation -simset sim_1 -mode behavioral
INFO: [Vivado 12-5698] Checking validity of IPs in the design for the 'XSim' simulator...
INFO: [Vivado 12-5682] Launching behavioral simulation in 'D:/Pipelined_CPU_RISCV/pipeline_cpu_riscv.sim/sim_1/behav/xsim'
INFO: [Vivado 12-4795] Using compiled simulation libraries for IPs
INFO: [SIM-utils-51] Simulation object is 'sim_1'
INFO: [USF-XSim-7] Finding pre-compiled libraries...
INFO: [USF-XSim-11] File 'D:/Xilinx/Vivado/2019.2/data/xsim/xsim.ini' copied to run dir:'D:/Pipelined_CPU_RISCV/pipeline_cpu_riscv.sim/sim_1/behav/xsim'
INFO: [SIM-utils-54] Inspecting design source files for 'tb_top' in fileset 'sim_1'...
INFO: [SIM-utils-43] Exported 'D:/Pipelined_CPU_RISCV/pipeline_cpu_riscv.sim/sim_1/behav/xsim/instruction_mem.mif'
INFO: [SIM-utils-43] Exported 'D:/Pipelined_CPU_RISCV/pipeline_cpu_riscv.sim/sim_1/behav/xsim/inst.coe'
INFO: [SIM-utils-43] Exported 'D:/Pipelined_CPU_RISCV/pipeline_cpu_riscv.sim/sim_1/behav/xsim/data_mem.coe'
INFO: [USF-XSim-97] Finding global include files...
INFO: [USF-XSim-98] Fetching design files from 'sim_1'...
INFO: [USF-XSim-2] XSim::Compile design
INFO: [USF-XSim-61] Executing 'COMPILE and ANALYZE' step in 'D:/Pipelined_CPU_RISCV/pipeline_cpu_riscv.sim/sim_1/behav/xsim'
"xvlog --incr --relax -prj tb_top_vlog.prj"
INFO: [USF-XSim-69] 'compile' step finished in '1' seconds
Command: launch_simulation -simset sim_1 -mode behavioral
INFO: [Vivado 12-5698] Checking validity of IPs in the design for the 'XSim' simulator...
INFO: [Vivado 12-5682] Launching behavioral simulation in 'D:/Pipelined_CPU_RISCV/pipeline_cpu_riscv.sim/sim_1/behav/xsim'
INFO: [Vivado 12-4795] Using compiled simulation libraries for IPs
INFO: [USF-XSim-3] XSim::Elaborate design
INFO: [USF-XSim-61] Executing 'ELABORATE' step in 'D:/Pipelined_CPU_RISCV/pipeline_cpu_riscv.sim/sim_1/behav/xsim'
"xelab -wto 6341679d845048749a074a93fb3d7cb7 --incr --debug typical --relax --mt 2 -L dist_mem_gen_v8_0_13 -L xil_defaultlib -L unisims_ver -L unimacro_ver -L secureip -L xpm --snapshot tb_top_behav xil_defaultlib.tb_top xil_defaultlib.glbl -log elaborate.log"
Vivado Simulator 2019.2
Copyright 1986-1999, 2001-2019 Xilinx, Inc. All Rights Reserved.
Running: D:/Xilinx/Vivado/2019.2/bin/unwrapped/win64.o/xelab.exe -wto 6341679d845048749a074a93fb3d7cb7 --incr --debug typical --relax --mt 2 -L dist_mem_gen_v8_0_13 -L xil_defaultlib -L unisims_ver -L unimacro_ver -L secureip -L xpm --snapshot tb_top_behav xil_defaultlib.tb_top xil_defaultlib.glbl -log elaborate.log 
Using 2 slave threads.
Starting static elaboration
Pass Through NonSizing Optimizer
WARNING: [VRFC 10-3091] actual bit length 1 differs from formal bit length 32 for port 'ins_d' [D:/Pipelined_CPU_RISCV/pipeline_cpu_riscv.srcs/sources_1/new/CPU.v:140]
Completed static elaboration
INFO: [XSIM 43-4323] No Change in HDL. Linking previously generated obj files to create kernel
INFO: [USF-XSim-69] 'elaborate' step finished in '1' seconds
Vivado Simulator 2019.2
Time resolution is 1 ps
WARNING: This core is supplied with a behavioral model. To model cycle-accurate behavior you must run timing simulation.
relaunch_sim: Time (s): cpu = 00:00:01 ; elapsed = 00:00:06 . Memory (MB): peak = 2236.301 ; gain = 0.000
run 5 ms
run: Time (s): cpu = 00:00:02 ; elapsed = 00:00:35 . Memory (MB): peak = 2236.301 ; gain = 0.000
run 1 ms
run: Time (s): cpu = 00:00:00 ; elapsed = 00:00:07 . Memory (MB): peak = 2237.324 ; gain = 0.000
relaunch_sim
Command: launch_simulation -simset sim_1 -mode behavioral
INFO: [Vivado 12-5698] Checking validity of IPs in the design for the 'XSim' simulator...
INFO: [Vivado 12-5682] Launching behavioral simulation in 'D:/Pipelined_CPU_RISCV/pipeline_cpu_riscv.sim/sim_1/behav/xsim'
INFO: [Vivado 12-4795] Using compiled simulation libraries for IPs
INFO: [SIM-utils-51] Simulation object is 'sim_1'
INFO: [USF-XSim-7] Finding pre-compiled libraries...
INFO: [USF-XSim-11] File 'D:/Xilinx/Vivado/2019.2/data/xsim/xsim.ini' copied to run dir:'D:/Pipelined_CPU_RISCV/pipeline_cpu_riscv.sim/sim_1/behav/xsim'
INFO: [SIM-utils-54] Inspecting design source files for 'tb_top' in fileset 'sim_1'...
INFO: [SIM-utils-43] Exported 'D:/Pipelined_CPU_RISCV/pipeline_cpu_riscv.sim/sim_1/behav/xsim/instruction_mem.mif'
INFO: [SIM-utils-43] Exported 'D:/Pipelined_CPU_RISCV/pipeline_cpu_riscv.sim/sim_1/behav/xsim/inst.coe'
INFO: [SIM-utils-43] Exported 'D:/Pipelined_CPU_RISCV/pipeline_cpu_riscv.sim/sim_1/behav/xsim/data_mem.coe'
INFO: [USF-XSim-97] Finding global include files...
INFO: [USF-XSim-98] Fetching design files from 'sim_1'...
INFO: [USF-XSim-2] XSim::Compile design
INFO: [USF-XSim-61] Executing 'COMPILE and ANALYZE' step in 'D:/Pipelined_CPU_RISCV/pipeline_cpu_riscv.sim/sim_1/behav/xsim'
"xvlog --incr --relax -prj tb_top_vlog.prj"
INFO: [VRFC 10-2263] Analyzing Verilog file "D:/Pipelined_CPU_RISCV/pipeline_cpu_riscv.srcs/sources_1/ip/instruction_mem/sim/instruction_mem.v" into library xil_defaultlib
INFO: [VRFC 10-311] analyzing module instruction_mem
INFO: [VRFC 10-2263] Analyzing Verilog file "D:/Pipelined_CPU_RISCV/pipeline_cpu_riscv.srcs/sources_1/ip/clk_50M/clk_50M_clk_wiz.v" into library xil_defaultlib
INFO: [VRFC 10-311] analyzing module clk_50M_clk_wiz
INFO: [VRFC 10-2263] Analyzing Verilog file "D:/Pipelined_CPU_RISCV/pipeline_cpu_riscv.srcs/sources_1/ip/clk_50M/clk_50M.v" into library xil_defaultlib
INFO: [VRFC 10-311] analyzing module clk_50M
INFO: [VRFC 10-2263] Analyzing Verilog file "D:/Pipelined_CPU_RISCV/pipeline_cpu_riscv.srcs/sources_1/new/ALU.v" into library xil_defaultlib
INFO: [VRFC 10-311] analyzing module ALU
INFO: [VRFC 10-2263] Analyzing Verilog file "D:/Pipelined_CPU_RISCV/pipeline_cpu_riscv.srcs/sources_1/new/ALU_mux.v" into library xil_defaultlib
INFO: [VRFC 10-311] analyzing module ALU_mux
INFO: [VRFC 10-2263] Analyzing Verilog file "D:/Pipelined_CPU_RISCV/pipeline_cpu_riscv.srcs/sources_1/new/CPU.v" into library xil_defaultlib
INFO: [VRFC 10-311] analyzing module CPU
INFO: [VRFC 10-2458] undeclared symbol ins_data, assumed default net type wire [D:/Pipelined_CPU_RISCV/pipeline_cpu_riscv.srcs/sources_1/new/CPU.v:140]
INFO: [VRFC 10-2458] undeclared symbol io_dout, assumed default net type wire [D:/Pipelined_CPU_RISCV/pipeline_cpu_riscv.srcs/sources_1/new/CPU.v:171]
INFO: [VRFC 10-2458] undeclared symbol io_we, assumed default net type wire [D:/Pipelined_CPU_RISCV/pipeline_cpu_riscv.srcs/sources_1/new/CPU.v:172]
INFO: [VRFC 10-2458] undeclared symbol rf_data, assumed default net type wire [D:/Pipelined_CPU_RISCV/pipeline_cpu_riscv.srcs/sources_1/new/CPU.v:174]
INFO: [VRFC 10-2458] undeclared symbol pc, assumed default net type wire [D:/Pipelined_CPU_RISCV/pipeline_cpu_riscv.srcs/sources_1/new/CPU.v:178]
INFO: [VRFC 10-2458] undeclared symbol pcd, assumed default net type wire [D:/Pipelined_CPU_RISCV/pipeline_cpu_riscv.srcs/sources_1/new/CPU.v:179]
INFO: [VRFC 10-2458] undeclared symbol ir, assumed default net type wire [D:/Pipelined_CPU_RISCV/pipeline_cpu_riscv.srcs/sources_1/new/CPU.v:180]
INFO: [VRFC 10-2458] undeclared symbol pcin, assumed default net type wire [D:/Pipelined_CPU_RISCV/pipeline_cpu_riscv.srcs/sources_1/new/CPU.v:181]
INFO: [VRFC 10-2458] undeclared symbol pce, assumed default net type wire [D:/Pipelined_CPU_RISCV/pipeline_cpu_riscv.srcs/sources_1/new/CPU.v:184]
INFO: [VRFC 10-2458] undeclared symbol a, assumed default net type wire [D:/Pipelined_CPU_RISCV/pipeline_cpu_riscv.srcs/sources_1/new/CPU.v:185]
INFO: [VRFC 10-2458] undeclared symbol b, assumed default net type wire [D:/Pipelined_CPU_RISCV/pipeline_cpu_riscv.srcs/sources_1/new/CPU.v:186]
INFO: [VRFC 10-2458] undeclared symbol imm, assumed default net type wire [D:/Pipelined_CPU_RISCV/pipeline_cpu_riscv.srcs/sources_1/new/CPU.v:187]
INFO: [VRFC 10-2458] undeclared symbol rd, assumed default net type wire [D:/Pipelined_CPU_RISCV/pipeline_cpu_riscv.srcs/sources_1/new/CPU.v:188]
INFO: [VRFC 10-2458] undeclared symbol ctrl, assumed default net type wire [D:/Pipelined_CPU_RISCV/pipeline_cpu_riscv.srcs/sources_1/new/CPU.v:189]
INFO: [VRFC 10-2458] undeclared symbol y, assumed default net type wire [D:/Pipelined_CPU_RISCV/pipeline_cpu_riscv.srcs/sources_1/new/CPU.v:192]
INFO: [VRFC 10-2458] undeclared symbol bm, assumed default net type wire [D:/Pipelined_CPU_RISCV/pipeline_cpu_riscv.srcs/sources_1/new/CPU.v:193]
INFO: [VRFC 10-2458] undeclared symbol rdm, assumed default net type wire [D:/Pipelined_CPU_RISCV/pipeline_cpu_riscv.srcs/sources_1/new/CPU.v:194]
INFO: [VRFC 10-2458] undeclared symbol ctrlm, assumed default net type wire [D:/Pipelined_CPU_RISCV/pipeline_cpu_riscv.srcs/sources_1/new/CPU.v:195]
INFO: [VRFC 10-2458] undeclared symbol yw, assumed default net type wire [D:/Pipelined_CPU_RISCV/pipeline_cpu_riscv.srcs/sources_1/new/CPU.v:199]
INFO: [VRFC 10-2458] undeclared symbol mdr, assumed default net type wire [D:/Pipelined_CPU_RISCV/pipeline_cpu_riscv.srcs/sources_1/new/CPU.v:200]
INFO: [VRFC 10-2458] undeclared symbol rdw, assumed default net type wire [D:/Pipelined_CPU_RISCV/pipeline_cpu_riscv.srcs/sources_1/new/CPU.v:201]
INFO: [VRFC 10-2458] undeclared symbol ctrlw, assumed default net type wire [D:/Pipelined_CPU_RISCV/pipeline_cpu_riscv.srcs/sources_1/new/CPU.v:202]
INFO: [VRFC 10-2263] Analyzing Verilog file "D:/Pipelined_CPU_RISCV/pipeline_cpu_riscv.srcs/sources_1/new/ControlUnit.v" into library xil_defaultlib
INFO: [VRFC 10-311] analyzing module ControlUnit
INFO: [VRFC 10-2263] Analyzing Verilog file "D:/Pipelined_CPU_RISCV/pipeline_cpu_riscv.srcs/sources_1/new/DataMem.v" into library xil_defaultlib
INFO: [VRFC 10-311] analyzing module DataMem
INFO: [VRFC 10-2263] Analyzing Verilog file "D:/Pipelined_CPU_RISCV/pipeline_cpu_riscv.srcs/sources_1/new/EX_ME.v" into library xil_defaultlib
INFO: [VRFC 10-311] analyzing module EX_ME
INFO: [VRFC 10-2263] Analyzing Verilog file "D:/Pipelined_CPU_RISCV/pipeline_cpu_riscv.srcs/sources_1/new/Forward_Unit.v" into library xil_defaultlib
INFO: [VRFC 10-311] analyzing module Forward_Unit
INFO: [VRFC 10-2263] Analyzing Verilog file "D:/Pipelined_CPU_RISCV/pipeline_cpu_riscv.srcs/sources_1/new/Hazard_Unit.v" into library xil_defaultlib
INFO: [VRFC 10-311] analyzing module Hazard_Unit
INFO: [VRFC 10-2263] Analyzing Verilog file "D:/Pipelined_CPU_RISCV/pipeline_cpu_riscv.srcs/sources_1/new/ID_EX.v" into library xil_defaultlib
INFO: [VRFC 10-311] analyzing module ID_EX
INFO: [VRFC 10-2263] Analyzing Verilog file "D:/Pipelined_CPU_RISCV/pipeline_cpu_riscv.srcs/sources_1/new/IF_ID.v" into library xil_defaultlib
INFO: [VRFC 10-311] analyzing module IF_ID
INFO: [VRFC 10-2263] Analyzing Verilog file "D:/Pipelined_CPU_RISCV/pipeline_cpu_riscv.srcs/sources_1/new/ImmGen.v" into library xil_defaultlib
INFO: [VRFC 10-311] analyzing module Imm_gen
INFO: [VRFC 10-2263] Analyzing Verilog file "D:/Pipelined_CPU_RISCV/pipeline_cpu_riscv.srcs/sources_1/new/InsMem.v" into library xil_defaultlib
INFO: [VRFC 10-311] analyzing module InsMem
INFO: [VRFC 10-2263] Analyzing Verilog file "D:/Pipelined_CPU_RISCV/pipeline_cpu_riscv.srcs/sources_1/new/LightShow.v" into library xil_defaultlib
INFO: [VRFC 10-311] analyzing module LightShow
INFO: [VRFC 10-2263] Analyzing Verilog file "D:/Pipelined_CPU_RISCV/pipeline_cpu_riscv.srcs/sources_1/new/ME_WB.v" into library xil_defaultlib
INFO: [VRFC 10-311] analyzing module ME_WB
INFO: [VRFC 10-2263] Analyzing Verilog file "D:/Pipelined_CPU_RISCV/pipeline_cpu_riscv.srcs/sources_1/new/PC.v" into library xil_defaultlib
INFO: [VRFC 10-311] analyzing module PC
INFO: [VRFC 10-2263] Analyzing Verilog file "D:/Pipelined_CPU_RISCV/pipeline_cpu_riscv.srcs/sources_1/new/PC_mux.v" into library xil_defaultlib
INFO: [VRFC 10-311] analyzing module PC_mux
INFO: [VRFC 10-2263] Analyzing Verilog file "D:/Pipelined_CPU_RISCV/pipeline_cpu_riscv.srcs/sources_1/new/RF_mux.v" into library xil_defaultlib
INFO: [VRFC 10-311] analyzing module RF_mux
INFO: [VRFC 10-2263] Analyzing Verilog file "D:/Pipelined_CPU_RISCV/pipeline_cpu_riscv.srcs/sources_1/new/RegFile.v" into library xil_defaultlib
INFO: [VRFC 10-311] analyzing module RegFile
INFO: [VRFC 10-2263] Analyzing Verilog file "D:/Pipelined_CPU_RISCV/pipeline_cpu_riscv.srcs/sources_1/new/rs232.v" into library xil_defaultlib
INFO: [VRFC 10-311] analyzing module rs232
INFO: [VRFC 10-2458] undeclared symbol po_flag, assumed default net type wire [D:/Pipelined_CPU_RISCV/pipeline_cpu_riscv.srcs/sources_1/new/rs232.v:64]
INFO: [VRFC 10-2263] Analyzing Verilog file "D:/Pipelined_CPU_RISCV/pipeline_cpu_riscv.srcs/sources_1/new/sr1_mux.v" into library xil_defaultlib
INFO: [VRFC 10-311] analyzing module sr1_mux
INFO: [VRFC 10-2263] Analyzing Verilog file "D:/Pipelined_CPU_RISCV/pipeline_cpu_riscv.srcs/sources_1/new/sr2_mux.v" into library xil_defaultlib
INFO: [VRFC 10-311] analyzing module sr2_mux
INFO: [VRFC 10-2263] Analyzing Verilog file "D:/Pipelined_CPU_RISCV/pipeline_cpu_riscv.srcs/sources_1/new/top.v" into library xil_defaultlib
INFO: [VRFC 10-311] analyzing module top
INFO: [VRFC 10-2458] undeclared symbol locked, assumed default net type wire [D:/Pipelined_CPU_RISCV/pipeline_cpu_riscv.srcs/sources_1/new/top.v:51]
INFO: [VRFC 10-2263] Analyzing Verilog file "D:/Pipelined_CPU_RISCV/pipeline_cpu_riscv.srcs/sources_1/new/uart_rx.v" into library xil_defaultlib
INFO: [VRFC 10-311] analyzing module uart_rx
INFO: [VRFC 10-2263] Analyzing Verilog file "D:/Pipelined_CPU_RISCV/pipeline_cpu_riscv.srcs/sources_1/new/uart_tx.v" into library xil_defaultlib
INFO: [VRFC 10-311] analyzing module uart_tx
INFO: [VRFC 10-2263] Analyzing Verilog file "D:/Pipelined_CPU_RISCV/pipeline_cpu_riscv.srcs/sim_1/new/tb_top.v" into library xil_defaultlib
INFO: [VRFC 10-311] analyzing module tb_top
run_program: Time (s): cpu = 00:00:00 ; elapsed = 00:00:05 . Memory (MB): peak = 2243.828 ; gain = 0.000
INFO: [USF-XSim-69] 'compile' step finished in '5' seconds
launch_simulation: Time (s): cpu = 00:00:00 ; elapsed = 00:00:05 . Memory (MB): peak = 2243.828 ; gain = 0.000
Command: launch_simulation -simset sim_1 -mode behavioral
INFO: [Vivado 12-5698] Checking validity of IPs in the design for the 'XSim' simulator...
INFO: [Vivado 12-5682] Launching behavioral simulation in 'D:/Pipelined_CPU_RISCV/pipeline_cpu_riscv.sim/sim_1/behav/xsim'
INFO: [Vivado 12-4795] Using compiled simulation libraries for IPs
INFO: [USF-XSim-3] XSim::Elaborate design
INFO: [USF-XSim-61] Executing 'ELABORATE' step in 'D:/Pipelined_CPU_RISCV/pipeline_cpu_riscv.sim/sim_1/behav/xsim'
"xelab -wto 6341679d845048749a074a93fb3d7cb7 --incr --debug typical --relax --mt 2 -L dist_mem_gen_v8_0_13 -L xil_defaultlib -L unisims_ver -L unimacro_ver -L secureip -L xpm --snapshot tb_top_behav xil_defaultlib.tb_top xil_defaultlib.glbl -log elaborate.log"
Vivado Simulator 2019.2
Copyright 1986-1999, 2001-2019 Xilinx, Inc. All Rights Reserved.
Running: D:/Xilinx/Vivado/2019.2/bin/unwrapped/win64.o/xelab.exe -wto 6341679d845048749a074a93fb3d7cb7 --incr --debug typical --relax --mt 2 -L dist_mem_gen_v8_0_13 -L xil_defaultlib -L unisims_ver -L unimacro_ver -L secureip -L xpm --snapshot tb_top_behav xil_defaultlib.tb_top xil_defaultlib.glbl -log elaborate.log 
Using 2 slave threads.
Starting static elaboration
Pass Through NonSizing Optimizer
WARNING: [VRFC 10-3091] actual bit length 1 differs from formal bit length 32 for port 'ins_d' [D:/Pipelined_CPU_RISCV/pipeline_cpu_riscv.srcs/sources_1/new/CPU.v:140]
Completed static elaboration
Starting simulation data flow analysis
Completed simulation data flow analysis
Time Resolution for simulation is 1ps
Compiling module unisims_ver.IBUF
Compiling module unisims_ver.MMCME2_ADV(CLKFBOUT_MULT_F=10.0,...
Compiling module unisims_ver.BUFG
Compiling module xil_defaultlib.clk_50M_clk_wiz
Compiling module xil_defaultlib.clk_50M
Compiling module xil_defaultlib.PC
Compiling module dist_mem_gen_v8_0_13.dist_mem_gen_v8_0_13(C_FAMILY="k...
Compiling module xil_defaultlib.instruction_mem
Compiling module xil_defaultlib.InsMem
Compiling module xil_defaultlib.ControlUnit
Compiling module xil_defaultlib.RegFile
Compiling module xil_defaultlib.Imm_gen
Compiling module xil_defaultlib.ALU_mux
Compiling module xil_defaultlib.sr1_mux
Compiling module xil_defaultlib.sr2_mux
Compiling module xil_defaultlib.ALU
Compiling module xil_defaultlib.DataMem
Compiling module xil_defaultlib.RF_mux
Compiling module xil_defaultlib.PC_mux
Compiling module xil_defaultlib.IF_ID
Compiling module xil_defaultlib.ID_EX
Compiling module xil_defaultlib.EX_ME
Compiling module xil_defaultlib.ME_WB
Compiling module xil_defaultlib.Hazard_Unit
Compiling module xil_defaultlib.Forward_Unit
Compiling module xil_defaultlib.CPU
Compiling module xil_defaultlib.LightShow
Compiling module xil_defaultlib.uart_rx(UART_BPS=14'b10010110000...
Compiling module xil_defaultlib.uart_tx(UART_BPS=14'b10010110000...
Compiling module xil_defaultlib.rs232
Compiling module xil_defaultlib.top
Compiling module xil_defaultlib.tb_top
Compiling module xil_defaultlib.glbl
Built simulation snapshot tb_top_behav
INFO: [USF-XSim-69] 'elaborate' step finished in '3' seconds
Vivado Simulator 2019.2
Time resolution is 1 ps
WARNING: This core is supplied with a behavioral model. To model cycle-accurate behavior you must run timing simulation.
relaunch_sim: Time (s): cpu = 00:00:01 ; elapsed = 00:00:12 . Memory (MB): peak = 2243.828 ; gain = 0.000
run 9 ms
run: Time (s): cpu = 00:00:03 ; elapsed = 00:00:55 . Memory (MB): peak = 2245.332 ; gain = 1.504
relaunch_sim
Command: launch_simulation -simset sim_1 -mode behavioral
INFO: [Vivado 12-5698] Checking validity of IPs in the design for the 'XSim' simulator...
INFO: [Vivado 12-5682] Launching behavioral simulation in 'D:/Pipelined_CPU_RISCV/pipeline_cpu_riscv.sim/sim_1/behav/xsim'
INFO: [Vivado 12-4795] Using compiled simulation libraries for IPs
INFO: [SIM-utils-51] Simulation object is 'sim_1'
INFO: [USF-XSim-7] Finding pre-compiled libraries...
INFO: [USF-XSim-11] File 'D:/Xilinx/Vivado/2019.2/data/xsim/xsim.ini' copied to run dir:'D:/Pipelined_CPU_RISCV/pipeline_cpu_riscv.sim/sim_1/behav/xsim'
INFO: [SIM-utils-54] Inspecting design source files for 'tb_top' in fileset 'sim_1'...
INFO: [SIM-utils-43] Exported 'D:/Pipelined_CPU_RISCV/pipeline_cpu_riscv.sim/sim_1/behav/xsim/instruction_mem.mif'
INFO: [SIM-utils-43] Exported 'D:/Pipelined_CPU_RISCV/pipeline_cpu_riscv.sim/sim_1/behav/xsim/inst.coe'
INFO: [SIM-utils-43] Exported 'D:/Pipelined_CPU_RISCV/pipeline_cpu_riscv.sim/sim_1/behav/xsim/data_mem.coe'
INFO: [USF-XSim-97] Finding global include files...
INFO: [USF-XSim-98] Fetching design files from 'sim_1'...
INFO: [USF-XSim-2] XSim::Compile design
INFO: [USF-XSim-61] Executing 'COMPILE and ANALYZE' step in 'D:/Pipelined_CPU_RISCV/pipeline_cpu_riscv.sim/sim_1/behav/xsim'
"xvlog --incr --relax -prj tb_top_vlog.prj"
INFO: [VRFC 10-2263] Analyzing Verilog file "D:/Pipelined_CPU_RISCV/pipeline_cpu_riscv.srcs/sources_1/ip/instruction_mem/sim/instruction_mem.v" into library xil_defaultlib
INFO: [VRFC 10-311] analyzing module instruction_mem
INFO: [VRFC 10-2263] Analyzing Verilog file "D:/Pipelined_CPU_RISCV/pipeline_cpu_riscv.srcs/sources_1/ip/clk_50M/clk_50M_clk_wiz.v" into library xil_defaultlib
INFO: [VRFC 10-311] analyzing module clk_50M_clk_wiz
INFO: [VRFC 10-2263] Analyzing Verilog file "D:/Pipelined_CPU_RISCV/pipeline_cpu_riscv.srcs/sources_1/ip/clk_50M/clk_50M.v" into library xil_defaultlib
INFO: [VRFC 10-311] analyzing module clk_50M
INFO: [VRFC 10-2263] Analyzing Verilog file "D:/Pipelined_CPU_RISCV/pipeline_cpu_riscv.srcs/sources_1/new/ALU.v" into library xil_defaultlib
INFO: [VRFC 10-311] analyzing module ALU
INFO: [VRFC 10-2263] Analyzing Verilog file "D:/Pipelined_CPU_RISCV/pipeline_cpu_riscv.srcs/sources_1/new/ALU_mux.v" into library xil_defaultlib
INFO: [VRFC 10-311] analyzing module ALU_mux
INFO: [VRFC 10-2263] Analyzing Verilog file "D:/Pipelined_CPU_RISCV/pipeline_cpu_riscv.srcs/sources_1/new/CPU.v" into library xil_defaultlib
INFO: [VRFC 10-311] analyzing module CPU
INFO: [VRFC 10-2458] undeclared symbol ins_data, assumed default net type wire [D:/Pipelined_CPU_RISCV/pipeline_cpu_riscv.srcs/sources_1/new/CPU.v:140]
INFO: [VRFC 10-2458] undeclared symbol io_dout, assumed default net type wire [D:/Pipelined_CPU_RISCV/pipeline_cpu_riscv.srcs/sources_1/new/CPU.v:171]
INFO: [VRFC 10-2458] undeclared symbol io_we, assumed default net type wire [D:/Pipelined_CPU_RISCV/pipeline_cpu_riscv.srcs/sources_1/new/CPU.v:172]
INFO: [VRFC 10-2458] undeclared symbol rf_data, assumed default net type wire [D:/Pipelined_CPU_RISCV/pipeline_cpu_riscv.srcs/sources_1/new/CPU.v:174]
INFO: [VRFC 10-2458] undeclared symbol pc, assumed default net type wire [D:/Pipelined_CPU_RISCV/pipeline_cpu_riscv.srcs/sources_1/new/CPU.v:178]
INFO: [VRFC 10-2458] undeclared symbol pcd, assumed default net type wire [D:/Pipelined_CPU_RISCV/pipeline_cpu_riscv.srcs/sources_1/new/CPU.v:179]
INFO: [VRFC 10-2458] undeclared symbol ir, assumed default net type wire [D:/Pipelined_CPU_RISCV/pipeline_cpu_riscv.srcs/sources_1/new/CPU.v:180]
INFO: [VRFC 10-2458] undeclared symbol pcin, assumed default net type wire [D:/Pipelined_CPU_RISCV/pipeline_cpu_riscv.srcs/sources_1/new/CPU.v:181]
INFO: [VRFC 10-2458] undeclared symbol pce, assumed default net type wire [D:/Pipelined_CPU_RISCV/pipeline_cpu_riscv.srcs/sources_1/new/CPU.v:184]
INFO: [VRFC 10-2458] undeclared symbol a, assumed default net type wire [D:/Pipelined_CPU_RISCV/pipeline_cpu_riscv.srcs/sources_1/new/CPU.v:185]
INFO: [VRFC 10-2458] undeclared symbol b, assumed default net type wire [D:/Pipelined_CPU_RISCV/pipeline_cpu_riscv.srcs/sources_1/new/CPU.v:186]
INFO: [VRFC 10-2458] undeclared symbol imm, assumed default net type wire [D:/Pipelined_CPU_RISCV/pipeline_cpu_riscv.srcs/sources_1/new/CPU.v:187]
INFO: [VRFC 10-2458] undeclared symbol rd, assumed default net type wire [D:/Pipelined_CPU_RISCV/pipeline_cpu_riscv.srcs/sources_1/new/CPU.v:188]
INFO: [VRFC 10-2458] undeclared symbol ctrl, assumed default net type wire [D:/Pipelined_CPU_RISCV/pipeline_cpu_riscv.srcs/sources_1/new/CPU.v:189]
INFO: [VRFC 10-2458] undeclared symbol y, assumed default net type wire [D:/Pipelined_CPU_RISCV/pipeline_cpu_riscv.srcs/sources_1/new/CPU.v:192]
INFO: [VRFC 10-2458] undeclared symbol bm, assumed default net type wire [D:/Pipelined_CPU_RISCV/pipeline_cpu_riscv.srcs/sources_1/new/CPU.v:193]
INFO: [VRFC 10-2458] undeclared symbol rdm, assumed default net type wire [D:/Pipelined_CPU_RISCV/pipeline_cpu_riscv.srcs/sources_1/new/CPU.v:194]
INFO: [VRFC 10-2458] undeclared symbol ctrlm, assumed default net type wire [D:/Pipelined_CPU_RISCV/pipeline_cpu_riscv.srcs/sources_1/new/CPU.v:195]
INFO: [VRFC 10-2458] undeclared symbol yw, assumed default net type wire [D:/Pipelined_CPU_RISCV/pipeline_cpu_riscv.srcs/sources_1/new/CPU.v:199]
INFO: [VRFC 10-2458] undeclared symbol mdr, assumed default net type wire [D:/Pipelined_CPU_RISCV/pipeline_cpu_riscv.srcs/sources_1/new/CPU.v:200]
INFO: [VRFC 10-2458] undeclared symbol rdw, assumed default net type wire [D:/Pipelined_CPU_RISCV/pipeline_cpu_riscv.srcs/sources_1/new/CPU.v:201]
INFO: [VRFC 10-2458] undeclared symbol ctrlw, assumed default net type wire [D:/Pipelined_CPU_RISCV/pipeline_cpu_riscv.srcs/sources_1/new/CPU.v:202]
INFO: [VRFC 10-2263] Analyzing Verilog file "D:/Pipelined_CPU_RISCV/pipeline_cpu_riscv.srcs/sources_1/new/ControlUnit.v" into library xil_defaultlib
INFO: [VRFC 10-311] analyzing module ControlUnit
INFO: [VRFC 10-2263] Analyzing Verilog file "D:/Pipelined_CPU_RISCV/pipeline_cpu_riscv.srcs/sources_1/new/DataMem.v" into library xil_defaultlib
INFO: [VRFC 10-311] analyzing module DataMem
INFO: [VRFC 10-2263] Analyzing Verilog file "D:/Pipelined_CPU_RISCV/pipeline_cpu_riscv.srcs/sources_1/new/EX_ME.v" into library xil_defaultlib
INFO: [VRFC 10-311] analyzing module EX_ME
INFO: [VRFC 10-2263] Analyzing Verilog file "D:/Pipelined_CPU_RISCV/pipeline_cpu_riscv.srcs/sources_1/new/Forward_Unit.v" into library xil_defaultlib
INFO: [VRFC 10-311] analyzing module Forward_Unit
INFO: [VRFC 10-2263] Analyzing Verilog file "D:/Pipelined_CPU_RISCV/pipeline_cpu_riscv.srcs/sources_1/new/Hazard_Unit.v" into library xil_defaultlib
INFO: [VRFC 10-311] analyzing module Hazard_Unit
INFO: [VRFC 10-2263] Analyzing Verilog file "D:/Pipelined_CPU_RISCV/pipeline_cpu_riscv.srcs/sources_1/new/ID_EX.v" into library xil_defaultlib
INFO: [VRFC 10-311] analyzing module ID_EX
INFO: [VRFC 10-2263] Analyzing Verilog file "D:/Pipelined_CPU_RISCV/pipeline_cpu_riscv.srcs/sources_1/new/IF_ID.v" into library xil_defaultlib
INFO: [VRFC 10-311] analyzing module IF_ID
INFO: [VRFC 10-2263] Analyzing Verilog file "D:/Pipelined_CPU_RISCV/pipeline_cpu_riscv.srcs/sources_1/new/ImmGen.v" into library xil_defaultlib
INFO: [VRFC 10-311] analyzing module Imm_gen
INFO: [VRFC 10-2263] Analyzing Verilog file "D:/Pipelined_CPU_RISCV/pipeline_cpu_riscv.srcs/sources_1/new/InsMem.v" into library xil_defaultlib
INFO: [VRFC 10-311] analyzing module InsMem
INFO: [VRFC 10-2263] Analyzing Verilog file "D:/Pipelined_CPU_RISCV/pipeline_cpu_riscv.srcs/sources_1/new/LightShow.v" into library xil_defaultlib
INFO: [VRFC 10-311] analyzing module LightShow
INFO: [VRFC 10-2263] Analyzing Verilog file "D:/Pipelined_CPU_RISCV/pipeline_cpu_riscv.srcs/sources_1/new/ME_WB.v" into library xil_defaultlib
INFO: [VRFC 10-311] analyzing module ME_WB
INFO: [VRFC 10-2263] Analyzing Verilog file "D:/Pipelined_CPU_RISCV/pipeline_cpu_riscv.srcs/sources_1/new/PC.v" into library xil_defaultlib
INFO: [VRFC 10-311] analyzing module PC
INFO: [VRFC 10-2263] Analyzing Verilog file "D:/Pipelined_CPU_RISCV/pipeline_cpu_riscv.srcs/sources_1/new/PC_mux.v" into library xil_defaultlib
INFO: [VRFC 10-311] analyzing module PC_mux
INFO: [VRFC 10-2263] Analyzing Verilog file "D:/Pipelined_CPU_RISCV/pipeline_cpu_riscv.srcs/sources_1/new/RF_mux.v" into library xil_defaultlib
INFO: [VRFC 10-311] analyzing module RF_mux
INFO: [VRFC 10-2263] Analyzing Verilog file "D:/Pipelined_CPU_RISCV/pipeline_cpu_riscv.srcs/sources_1/new/RegFile.v" into library xil_defaultlib
INFO: [VRFC 10-311] analyzing module RegFile
INFO: [VRFC 10-2263] Analyzing Verilog file "D:/Pipelined_CPU_RISCV/pipeline_cpu_riscv.srcs/sources_1/new/rs232.v" into library xil_defaultlib
INFO: [VRFC 10-311] analyzing module rs232
INFO: [VRFC 10-2263] Analyzing Verilog file "D:/Pipelined_CPU_RISCV/pipeline_cpu_riscv.srcs/sources_1/new/sr1_mux.v" into library xil_defaultlib
INFO: [VRFC 10-311] analyzing module sr1_mux
INFO: [VRFC 10-2263] Analyzing Verilog file "D:/Pipelined_CPU_RISCV/pipeline_cpu_riscv.srcs/sources_1/new/sr2_mux.v" into library xil_defaultlib
INFO: [VRFC 10-311] analyzing module sr2_mux
INFO: [VRFC 10-2263] Analyzing Verilog file "D:/Pipelined_CPU_RISCV/pipeline_cpu_riscv.srcs/sources_1/new/top.v" into library xil_defaultlib
INFO: [VRFC 10-311] analyzing module top
INFO: [VRFC 10-2458] undeclared symbol locked, assumed default net type wire [D:/Pipelined_CPU_RISCV/pipeline_cpu_riscv.srcs/sources_1/new/top.v:51]
INFO: [VRFC 10-2263] Analyzing Verilog file "D:/Pipelined_CPU_RISCV/pipeline_cpu_riscv.srcs/sources_1/new/uart_rx.v" into library xil_defaultlib
INFO: [VRFC 10-311] analyzing module uart_rx
INFO: [VRFC 10-2263] Analyzing Verilog file "D:/Pipelined_CPU_RISCV/pipeline_cpu_riscv.srcs/sources_1/new/uart_tx.v" into library xil_defaultlib
INFO: [VRFC 10-311] analyzing module uart_tx
INFO: [VRFC 10-2263] Analyzing Verilog file "D:/Pipelined_CPU_RISCV/pipeline_cpu_riscv.srcs/sim_1/new/tb_top.v" into library xil_defaultlib
INFO: [VRFC 10-311] analyzing module tb_top
run_program: Time (s): cpu = 00:00:00 ; elapsed = 00:00:05 . Memory (MB): peak = 2245.637 ; gain = 0.000
INFO: [USF-XSim-69] 'compile' step finished in '5' seconds
launch_simulation: Time (s): cpu = 00:00:00 ; elapsed = 00:00:05 . Memory (MB): peak = 2245.637 ; gain = 0.000
Command: launch_simulation -simset sim_1 -mode behavioral
INFO: [Vivado 12-5698] Checking validity of IPs in the design for the 'XSim' simulator...
INFO: [Vivado 12-5682] Launching behavioral simulation in 'D:/Pipelined_CPU_RISCV/pipeline_cpu_riscv.sim/sim_1/behav/xsim'
INFO: [Vivado 12-4795] Using compiled simulation libraries for IPs
INFO: [USF-XSim-3] XSim::Elaborate design
INFO: [USF-XSim-61] Executing 'ELABORATE' step in 'D:/Pipelined_CPU_RISCV/pipeline_cpu_riscv.sim/sim_1/behav/xsim'
"xelab -wto 6341679d845048749a074a93fb3d7cb7 --incr --debug typical --relax --mt 2 -L dist_mem_gen_v8_0_13 -L xil_defaultlib -L unisims_ver -L unimacro_ver -L secureip -L xpm --snapshot tb_top_behav xil_defaultlib.tb_top xil_defaultlib.glbl -log elaborate.log"
Vivado Simulator 2019.2
Copyright 1986-1999, 2001-2019 Xilinx, Inc. All Rights Reserved.
Running: D:/Xilinx/Vivado/2019.2/bin/unwrapped/win64.o/xelab.exe -wto 6341679d845048749a074a93fb3d7cb7 --incr --debug typical --relax --mt 2 -L dist_mem_gen_v8_0_13 -L xil_defaultlib -L unisims_ver -L unimacro_ver -L secureip -L xpm --snapshot tb_top_behav xil_defaultlib.tb_top xil_defaultlib.glbl -log elaborate.log 
Using 2 slave threads.
Starting static elaboration
Pass Through NonSizing Optimizer
WARNING: [VRFC 10-3091] actual bit length 1 differs from formal bit length 32 for port 'ins_d' [D:/Pipelined_CPU_RISCV/pipeline_cpu_riscv.srcs/sources_1/new/CPU.v:140]
Completed static elaboration
Starting simulation data flow analysis
Completed simulation data flow analysis
Time Resolution for simulation is 1ps
Compiling module unisims_ver.IBUF
Compiling module unisims_ver.MMCME2_ADV(CLKFBOUT_MULT_F=10.0,...
Compiling module unisims_ver.BUFG
Compiling module xil_defaultlib.clk_50M_clk_wiz
Compiling module xil_defaultlib.clk_50M
Compiling module xil_defaultlib.PC
Compiling module dist_mem_gen_v8_0_13.dist_mem_gen_v8_0_13(C_FAMILY="k...
Compiling module xil_defaultlib.instruction_mem
Compiling module xil_defaultlib.InsMem
Compiling module xil_defaultlib.ControlUnit
Compiling module xil_defaultlib.RegFile
Compiling module xil_defaultlib.Imm_gen
Compiling module xil_defaultlib.ALU_mux
Compiling module xil_defaultlib.sr1_mux
Compiling module xil_defaultlib.sr2_mux
Compiling module xil_defaultlib.ALU
Compiling module xil_defaultlib.DataMem
Compiling module xil_defaultlib.RF_mux
Compiling module xil_defaultlib.PC_mux
Compiling module xil_defaultlib.IF_ID
Compiling module xil_defaultlib.ID_EX
Compiling module xil_defaultlib.EX_ME
Compiling module xil_defaultlib.ME_WB
Compiling module xil_defaultlib.Hazard_Unit
Compiling module xil_defaultlib.Forward_Unit
Compiling module xil_defaultlib.CPU
Compiling module xil_defaultlib.LightShow
Compiling module xil_defaultlib.uart_rx(UART_BPS=14'b10010110000...
Compiling module xil_defaultlib.uart_tx(UART_BPS=14'b10010110000...
Compiling module xil_defaultlib.rs232
Compiling module xil_defaultlib.top
Compiling module xil_defaultlib.tb_top
Compiling module xil_defaultlib.glbl
Built simulation snapshot tb_top_behav
INFO: [USF-XSim-69] 'elaborate' step finished in '3' seconds
Vivado Simulator 2019.2
Time resolution is 1 ps
WARNING: This core is supplied with a behavioral model. To model cycle-accurate behavior you must run timing simulation.
relaunch_sim: Time (s): cpu = 00:00:01 ; elapsed = 00:00:12 . Memory (MB): peak = 2245.637 ; gain = 0.000
run 9 ms
run: Time (s): cpu = 00:00:04 ; elapsed = 00:01:03 . Memory (MB): peak = 2246.398 ; gain = 0.762
INFO: [Labtoolstcl 44-466] Opening hw_target localhost:3121/xilinx_tcf/Xilinx/1234-tulA
INFO: [Labtools 27-1435] Device xc7a100t (JTAG device index = 0) is not programmed (DONE status = 0).
WARNING: [Labtoolstcl 44-129] No matching hw_ila_data was found.
reset_run synth_5
WARNING: [Vivado 12-1017] Problems encountered:
1. Failed to delete one or more files in run directory D:/Pipelined_CPU_RISCV/pipeline_cpu_riscv.runs/synth_5

launch_runs synth_5 -jobs 14
[Mon Aug 28 15:53:42 2023] Launched synth_5...
Run output will be captured here: D:/Pipelined_CPU_RISCV/pipeline_cpu_riscv.runs/synth_5/runme.log
launch_runs impl_3 -to_step write_bitstream -jobs 14
[Mon Aug 28 15:57:47 2023] Launched impl_3...
Run output will be captured here: D:/Pipelined_CPU_RISCV/pipeline_cpu_riscv.runs/impl_3/runme.log
set_property PROBES.FILE {} [get_hw_devices xc7a100t_0]
set_property FULL_PROBES.FILE {} [get_hw_devices xc7a100t_0]
set_property PROGRAM.FILE {D:/Pipelined_CPU_RISCV/pipeline_cpu_riscv.runs/impl_3/top.bit} [get_hw_devices xc7a100t_0]
program_hw_devices [get_hw_devices xc7a100t_0]
INFO: [Labtools 27-3164] End of startup status: HIGH
refresh_hw_device [lindex [get_hw_devices xc7a100t_0] 0]
INFO: [Labtools 27-1434] Device xc7a100t (JTAG device index = 0) is programmed with a design that has no supported debug core(s) in it.
ERROR: [Labtoolstcl 44-513] HW Target shutdown. Closing target: localhost:3121/xilinx_tcf/Xilinx/1234-tulA
reset_run synth_5
WARNING: [Vivado 12-1017] Problems encountered:
1. Failed to delete one or more files in run directory D:/Pipelined_CPU_RISCV/pipeline_cpu_riscv.runs/synth_5

launch_runs synth_5 -jobs 14
[Mon Aug 28 16:05:01 2023] Launched synth_5...
Run output will be captured here: D:/Pipelined_CPU_RISCV/pipeline_cpu_riscv.runs/synth_5/runme.log
INFO: [Labtoolstcl 44-466] Opening hw_target localhost:3121/xilinx_tcf/Xilinx/1234-tulA
INFO: [Labtools 27-1435] Device xc7a100t (JTAG device index = 0) is not programmed (DONE status = 0).
WARNING: [Labtoolstcl 44-129] No matching hw_ila_data was found.
launch_runs impl_3 -to_step write_bitstream -jobs 14
[Mon Aug 28 16:08:05 2023] Launched impl_3...
Run output will be captured here: D:/Pipelined_CPU_RISCV/pipeline_cpu_riscv.runs/impl_3/runme.log
set_property PROBES.FILE {} [get_hw_devices xc7a100t_0]
set_property FULL_PROBES.FILE {} [get_hw_devices xc7a100t_0]
set_property PROGRAM.FILE {D:/Pipelined_CPU_RISCV/pipeline_cpu_riscv.runs/impl_3/top.bit} [get_hw_devices xc7a100t_0]
program_hw_devices [get_hw_devices xc7a100t_0]
INFO: [Labtools 27-3164] End of startup status: HIGH
refresh_hw_device [lindex [get_hw_devices xc7a100t_0] 0]
INFO: [Labtools 27-1434] Device xc7a100t (JTAG device index = 0) is programmed with a design that has no supported debug core(s) in it.
ERROR: [Labtoolstcl 44-513] HW Target shutdown. Closing target: localhost:3121/xilinx_tcf/Xilinx/1234-tulA
save_wave_config {D:/Pipelined_CPU_RISCV/testbench_behav.wcfg}
close_sim
INFO: [Simtcl 6-16] Simulation closed
exit
INFO: [Common 17-206] Exiting Vivado at Mon Aug 28 16:16:04 2023...
