#-----------------------------------------------------------
# Vivado v2019.2 (64-bit)
# SW Build 2708876 on Wed Nov  6 21:40:23 MST 2019
# IP Build 2700528 on Thu Nov  7 00:09:20 MST 2019
# Start of session at: Tue Aug 29 20:23:25 2023
# Process ID: 4364
# Current directory: D:/Pipelined_CPU_RISCV
# Command line: vivado.exe -gui_launcher_event rodinguilauncherevent23372 D:\Pipelined_CPU_RISCV\pipeline_cpu_riscv.xpr
# Log file: D:/Pipelined_CPU_RISCV/vivado.log
# Journal file: D:/Pipelined_CPU_RISCV\vivado.jou
#-----------------------------------------------------------
start_gui
open_project D:/Pipelined_CPU_RISCV/pipeline_cpu_riscv.xpr
CRITICAL WARNING: [Project 1-19] Could not find the file 'D:/Pipelined_CPU_RISCV/pipeline_cpu_riscv.srcs/sources_1/new/Forward_Unit.v'.
CRITICAL WARNING: [Project 1-19] Could not find the file 'D:/Pipelined_CPU_RISCV/pipeline_cpu_riscv.srcs/sources_1/new/Hazard_Unit.v'.
CRITICAL WARNING: [Project 1-19] Could not find the file 'D:/Pipelined_CPU_RISCV/pipeline_cpu_riscv.srcs/sources_1/new/RF_mux.v'.
CRITICAL WARNING: [Project 1-19] Could not find the file 'D:/Pipelined_CPU_RISCV/pipeline_cpu_riscv.srcs/sources_1/new/sr1_mux.v'.
CRITICAL WARNING: [Project 1-19] Could not find the file 'D:/Pipelined_CPU_RISCV/pipeline_cpu_riscv.srcs/sources_1/new/sr2_mux.v'.
CRITICAL WARNING: [Project 1-19] Could not find the file 'D:/Pipelined_CPU_RISCV/pipeline_cpu_riscv.srcs/sources_1/new/DataMem_mux.v'.
Scanning sources...
Finished scanning sources
INFO: [IP_Flow 19-234] Refreshing IP repositories
INFO: [IP_Flow 19-1704] No user IP repositories specified
INFO: [IP_Flow 19-2313] Loaded Vivado IP repository 'D:/Xilinx/Vivado/2019.2/data/ip'.
WARNING: [IP_Flow 19-2162] IP 'instruction_mem' is locked:
* Current project part 'xc7a100tcsg324-1' and the part 'xc7k70tfbv676-1' used to customize the IP 'instruction_mem' do not match.
update_compile_order -fileset sources_1
add_files -norecurse D:/Pipelined_CPU_RISCV/pipeline_cpu_riscv.srcs/sources_1/new/Src1_mux.v
update_compile_order -fileset sources_1
add_files -norecurse D:/Pipelined_CPU_RISCV/pipeline_cpu_riscv.srcs/sources_1/new/Src2_mux.v
update_compile_order -fileset sources_1
add_files -norecurse D:/Pipelined_CPU_RISCV/pipeline_cpu_riscv.srcs/sources_1/new/WB_mux.v
update_compile_order -fileset sources_1
add_files -norecurse D:/Pipelined_CPU_RISCV/pipeline_cpu_riscv.srcs/sources_1/new/HazardUnit.v
update_compile_order -fileset sources_1
add_files -norecurse D:/Pipelined_CPU_RISCV/pipeline_cpu_riscv.srcs/sources_1/new/ForwardUnit.v
update_compile_order -fileset sources_1
export_ip_user_files -of_objects  [get_files D:/Pipelined_CPU_RISCV/pipeline_cpu_riscv.srcs/sources_1/new/DataMem_mux.v] -no_script -reset -force -quiet
remove_files  D:/Pipelined_CPU_RISCV/pipeline_cpu_riscv.srcs/sources_1/new/DataMem_mux.v
export_ip_user_files -of_objects  [get_files D:/Pipelined_CPU_RISCV/pipeline_cpu_riscv.srcs/sources_1/new/Forward_Unit.v] -no_script -reset -force -quiet
remove_files  D:/Pipelined_CPU_RISCV/pipeline_cpu_riscv.srcs/sources_1/new/Forward_Unit.v
export_ip_user_files -of_objects  [get_files D:/Pipelined_CPU_RISCV/pipeline_cpu_riscv.srcs/sources_1/new/Hazard_Unit.v] -no_script -reset -force -quiet
remove_files  D:/Pipelined_CPU_RISCV/pipeline_cpu_riscv.srcs/sources_1/new/Hazard_Unit.v
export_ip_user_files -of_objects  [get_files D:/Pipelined_CPU_RISCV/pipeline_cpu_riscv.srcs/sources_1/new/RF_mux.v] -no_script -reset -force -quiet
remove_files  D:/Pipelined_CPU_RISCV/pipeline_cpu_riscv.srcs/sources_1/new/RF_mux.v
export_ip_user_files -of_objects  [get_files D:/Pipelined_CPU_RISCV/pipeline_cpu_riscv.srcs/sources_1/new/sr1_mux.v] -no_script -reset -force -quiet
remove_files  D:/Pipelined_CPU_RISCV/pipeline_cpu_riscv.srcs/sources_1/new/sr1_mux.v
export_ip_user_files -of_objects  [get_files D:/Pipelined_CPU_RISCV/pipeline_cpu_riscv.srcs/sources_1/new/sr2_mux.v] -no_script -reset -force -quiet
remove_files  D:/Pipelined_CPU_RISCV/pipeline_cpu_riscv.srcs/sources_1/new/sr2_mux.v
launch_simulation
Command: launch_simulation 
INFO: [Vivado 12-5698] Checking validity of IPs in the design for the 'XSim' simulator...
INFO: [Vivado 12-5682] Launching behavioral simulation in 'D:/Pipelined_CPU_RISCV/pipeline_cpu_riscv.sim/sim_1/behav/xsim'
INFO: [Vivado 12-4795] Using compiled simulation libraries for IPs
INFO: [SIM-utils-51] Simulation object is 'sim_1'
INFO: [USF-XSim-7] Finding pre-compiled libraries...
INFO: [USF-XSim-11] File 'D:/Xilinx/Vivado/2019.2/data/xsim/xsim.ini' copied to run dir:'D:/Pipelined_CPU_RISCV/pipeline_cpu_riscv.sim/sim_1/behav/xsim'
INFO: [SIM-utils-54] Inspecting design source files for 'tb_top' in fileset 'sim_1'...
INFO: [SIM-utils-43] Exported 'D:/Pipelined_CPU_RISCV/pipeline_cpu_riscv.sim/sim_1/behav/xsim/instruction_mem.mif'
INFO: [SIM-utils-43] Exported 'D:/Pipelined_CPU_RISCV/pipeline_cpu_riscv.sim/sim_1/behav/xsim/inst.coe'
INFO: [SIM-utils-43] Exported 'D:/Pipelined_CPU_RISCV/pipeline_cpu_riscv.sim/sim_1/behav/xsim/data_mem.coe'
INFO: [USF-XSim-97] Finding global include files...
INFO: [USF-XSim-98] Fetching design files from 'sim_1'...
INFO: [USF-XSim-2] XSim::Compile design
INFO: [USF-XSim-61] Executing 'COMPILE and ANALYZE' step in 'D:/Pipelined_CPU_RISCV/pipeline_cpu_riscv.sim/sim_1/behav/xsim'
"xvlog --incr --relax -prj tb_top_vlog.prj"
INFO: [VRFC 10-2263] Analyzing Verilog file "D:/Pipelined_CPU_RISCV/pipeline_cpu_riscv.srcs/sources_1/ip/instruction_mem/sim/instruction_mem.v" into library xil_defaultlib
INFO: [VRFC 10-311] analyzing module instruction_mem
INFO: [VRFC 10-2263] Analyzing Verilog file "D:/Pipelined_CPU_RISCV/pipeline_cpu_riscv.srcs/sources_1/ip/clk_50M/clk_50M_clk_wiz.v" into library xil_defaultlib
INFO: [VRFC 10-311] analyzing module clk_50M_clk_wiz
INFO: [VRFC 10-2263] Analyzing Verilog file "D:/Pipelined_CPU_RISCV/pipeline_cpu_riscv.srcs/sources_1/ip/clk_50M/clk_50M.v" into library xil_defaultlib
INFO: [VRFC 10-311] analyzing module clk_50M
INFO: [VRFC 10-2263] Analyzing Verilog file "D:/Pipelined_CPU_RISCV/pipeline_cpu_riscv.srcs/sources_1/new/ALU.v" into library xil_defaultlib
INFO: [VRFC 10-311] analyzing module ALU
INFO: [VRFC 10-2263] Analyzing Verilog file "D:/Pipelined_CPU_RISCV/pipeline_cpu_riscv.srcs/sources_1/new/ALU_mux.v" into library xil_defaultlib
INFO: [VRFC 10-311] analyzing module ALU_mux
INFO: [VRFC 10-2263] Analyzing Verilog file "D:/Pipelined_CPU_RISCV/pipeline_cpu_riscv.srcs/sources_1/new/CPU.v" into library xil_defaultlib
INFO: [VRFC 10-311] analyzing module CPU
INFO: [VRFC 10-2458] undeclared symbol ins_data, assumed default net type wire [D:/Pipelined_CPU_RISCV/pipeline_cpu_riscv.srcs/sources_1/new/CPU.v:113]
INFO: [VRFC 10-2263] Analyzing Verilog file "D:/Pipelined_CPU_RISCV/pipeline_cpu_riscv.srcs/sources_1/new/ControlUnit.v" into library xil_defaultlib
INFO: [VRFC 10-311] analyzing module ControlUnit
INFO: [VRFC 10-2263] Analyzing Verilog file "D:/Pipelined_CPU_RISCV/pipeline_cpu_riscv.srcs/sources_1/new/DataMem.v" into library xil_defaultlib
INFO: [VRFC 10-311] analyzing module DataMem
INFO: [VRFC 10-2263] Analyzing Verilog file "D:/Pipelined_CPU_RISCV/pipeline_cpu_riscv.srcs/sources_1/new/ForwardUnit.v" into library xil_defaultlib
INFO: [VRFC 10-311] analyzing module ForwardUnit
INFO: [VRFC 10-2263] Analyzing Verilog file "D:/Pipelined_CPU_RISCV/pipeline_cpu_riscv.srcs/sources_1/new/HazardUnit.v" into library xil_defaultlib
INFO: [VRFC 10-311] analyzing module HazardUnit
INFO: [VRFC 10-2263] Analyzing Verilog file "D:/Pipelined_CPU_RISCV/pipeline_cpu_riscv.srcs/sources_1/new/ImmGen.v" into library xil_defaultlib
INFO: [VRFC 10-311] analyzing module ImmGen
INFO: [VRFC 10-2263] Analyzing Verilog file "D:/Pipelined_CPU_RISCV/pipeline_cpu_riscv.srcs/sources_1/new/InsMem.v" into library xil_defaultlib
INFO: [VRFC 10-311] analyzing module InsMem
INFO: [VRFC 10-2263] Analyzing Verilog file "D:/Pipelined_CPU_RISCV/pipeline_cpu_riscv.srcs/sources_1/new/LightShow.v" into library xil_defaultlib
INFO: [VRFC 10-311] analyzing module LightShow
INFO: [VRFC 10-2263] Analyzing Verilog file "D:/Pipelined_CPU_RISCV/pipeline_cpu_riscv.srcs/sources_1/new/PC.v" into library xil_defaultlib
INFO: [VRFC 10-311] analyzing module PC
INFO: [VRFC 10-2263] Analyzing Verilog file "D:/Pipelined_CPU_RISCV/pipeline_cpu_riscv.srcs/sources_1/new/PC_mux.v" into library xil_defaultlib
INFO: [VRFC 10-311] analyzing module PC_mux
INFO: [VRFC 10-2263] Analyzing Verilog file "D:/Pipelined_CPU_RISCV/pipeline_cpu_riscv.srcs/sources_1/new/REG_EX_ME.v" into library xil_defaultlib
INFO: [VRFC 10-311] analyzing module REG_EX_ME
INFO: [VRFC 10-2263] Analyzing Verilog file "D:/Pipelined_CPU_RISCV/pipeline_cpu_riscv.srcs/sources_1/new/REG_ID_EX.v" into library xil_defaultlib
INFO: [VRFC 10-311] analyzing module REG_ID_EX
INFO: [VRFC 10-2263] Analyzing Verilog file "D:/Pipelined_CPU_RISCV/pipeline_cpu_riscv.srcs/sources_1/new/REG_IF_ID.v" into library xil_defaultlib
INFO: [VRFC 10-311] analyzing module REG_IF_ID
INFO: [VRFC 10-2263] Analyzing Verilog file "D:/Pipelined_CPU_RISCV/pipeline_cpu_riscv.srcs/sources_1/new/REG_ME_WB.v" into library xil_defaultlib
INFO: [VRFC 10-311] analyzing module REG_ME_WB
INFO: [VRFC 10-2263] Analyzing Verilog file "D:/Pipelined_CPU_RISCV/pipeline_cpu_riscv.srcs/sources_1/new/RegFile.v" into library xil_defaultlib
INFO: [VRFC 10-311] analyzing module RegFile
INFO: [VRFC 10-2263] Analyzing Verilog file "D:/Pipelined_CPU_RISCV/pipeline_cpu_riscv.srcs/sources_1/new/Src1_mux.v" into library xil_defaultlib
INFO: [VRFC 10-311] analyzing module Src1_mux
INFO: [VRFC 10-2263] Analyzing Verilog file "D:/Pipelined_CPU_RISCV/pipeline_cpu_riscv.srcs/sources_1/new/Src2_mux.v" into library xil_defaultlib
INFO: [VRFC 10-311] analyzing module Src2_mux
INFO: [VRFC 10-2263] Analyzing Verilog file "D:/Pipelined_CPU_RISCV/pipeline_cpu_riscv.srcs/sources_1/new/WB_mux.v" into library xil_defaultlib
INFO: [VRFC 10-311] analyzing module WB_mux
INFO: [VRFC 10-2263] Analyzing Verilog file "D:/Pipelined_CPU_RISCV/pipeline_cpu_riscv.srcs/sources_1/new/rs232.v" into library xil_defaultlib
INFO: [VRFC 10-311] analyzing module rs232
INFO: [VRFC 10-2263] Analyzing Verilog file "D:/Pipelined_CPU_RISCV/pipeline_cpu_riscv.srcs/sources_1/new/top.v" into library xil_defaultlib
INFO: [VRFC 10-311] analyzing module top
INFO: [VRFC 10-2458] undeclared symbol locked, assumed default net type wire [D:/Pipelined_CPU_RISCV/pipeline_cpu_riscv.srcs/sources_1/new/top.v:29]
INFO: [VRFC 10-2263] Analyzing Verilog file "D:/Pipelined_CPU_RISCV/pipeline_cpu_riscv.srcs/sources_1/new/uart_rx.v" into library xil_defaultlib
INFO: [VRFC 10-311] analyzing module uart_rx
INFO: [VRFC 10-2263] Analyzing Verilog file "D:/Pipelined_CPU_RISCV/pipeline_cpu_riscv.srcs/sources_1/new/uart_tx.v" into library xil_defaultlib
INFO: [VRFC 10-311] analyzing module uart_tx
INFO: [VRFC 10-2263] Analyzing Verilog file "D:/Pipelined_CPU_RISCV/pipeline_cpu_riscv.srcs/sim_1/new/tb_top.v" into library xil_defaultlib
INFO: [VRFC 10-311] analyzing module tb_top
INFO: [USF-XSim-69] 'compile' step finished in '3' seconds
INFO: [USF-XSim-3] XSim::Elaborate design
INFO: [USF-XSim-61] Executing 'ELABORATE' step in 'D:/Pipelined_CPU_RISCV/pipeline_cpu_riscv.sim/sim_1/behav/xsim'
"xelab -wto 6341679d845048749a074a93fb3d7cb7 --incr --debug typical --relax --mt 2 -L dist_mem_gen_v8_0_13 -L xil_defaultlib -L unisims_ver -L unimacro_ver -L secureip -L xpm --snapshot tb_top_behav xil_defaultlib.tb_top xil_defaultlib.glbl -log elaborate.log"
Vivado Simulator 2019.2
Copyright 1986-1999, 2001-2019 Xilinx, Inc. All Rights Reserved.
Running: D:/Xilinx/Vivado/2019.2/bin/unwrapped/win64.o/xelab.exe -wto 6341679d845048749a074a93fb3d7cb7 --incr --debug typical --relax --mt 2 -L dist_mem_gen_v8_0_13 -L xil_defaultlib -L unisims_ver -L unimacro_ver -L secureip -L xpm --snapshot tb_top_behav xil_defaultlib.tb_top xil_defaultlib.glbl -log elaborate.log 
Using 2 slave threads.
Starting static elaboration
Pass Through NonSizing Optimizer
WARNING: [VRFC 10-3091] actual bit length 1 differs from formal bit length 32 for port 'ins_d' [D:/Pipelined_CPU_RISCV/pipeline_cpu_riscv.srcs/sources_1/new/CPU.v:113]
Completed static elaboration
Starting simulation data flow analysis
Completed simulation data flow analysis
Time Resolution for simulation is 1ps
Compiling module unisims_ver.IBUF
Compiling module unisims_ver.MMCME2_ADV(CLKFBOUT_MULT_F=10.0,...
Compiling module unisims_ver.BUFG
Compiling module xil_defaultlib.clk_50M_clk_wiz
Compiling module xil_defaultlib.clk_50M
Compiling module xil_defaultlib.PC
Compiling module dist_mem_gen_v8_0_13.dist_mem_gen_v8_0_13(C_FAMILY="k...
Compiling module xil_defaultlib.instruction_mem
Compiling module xil_defaultlib.InsMem
Compiling module xil_defaultlib.ControlUnit
Compiling module xil_defaultlib.RegFile
Compiling module xil_defaultlib.ImmGen
Compiling module xil_defaultlib.ALU_mux
Compiling module xil_defaultlib.Src1_mux
Compiling module xil_defaultlib.Src2_mux
Compiling module xil_defaultlib.ALU
Compiling module xil_defaultlib.DataMem
Compiling module xil_defaultlib.WB_mux
Compiling module xil_defaultlib.PC_mux
Compiling module xil_defaultlib.REG_IF_ID
Compiling module xil_defaultlib.REG_ID_EX
Compiling module xil_defaultlib.REG_EX_ME
Compiling module xil_defaultlib.REG_ME_WB
Compiling module xil_defaultlib.HazardUnit
Compiling module xil_defaultlib.ForwardUnit
Compiling module xil_defaultlib.CPU
Compiling module xil_defaultlib.LightShow
Compiling module xil_defaultlib.uart_rx(UART_BPS=14'b10010110000...
Compiling module xil_defaultlib.uart_tx(UART_BPS=14'b10010110000...
Compiling module xil_defaultlib.rs232
Compiling module xil_defaultlib.top
Compiling module xil_defaultlib.tb_top
Compiling module xil_defaultlib.glbl
Built simulation snapshot tb_top_behav
run_program: Time (s): cpu = 00:00:00 ; elapsed = 00:00:11 . Memory (MB): peak = 941.180 ; gain = 0.000
INFO: [USF-XSim-69] 'elaborate' step finished in '11' seconds
INFO: [USF-XSim-4] XSim::Simulate design
INFO: [USF-XSim-61] Executing 'SIMULATE' step in 'D:/Pipelined_CPU_RISCV/pipeline_cpu_riscv.sim/sim_1/behav/xsim'
INFO: [USF-XSim-98] *** Running xsim
   with args "tb_top_behav -key {Behavioral:sim_1:Functional:tb_top} -tclbatch {tb_top.tcl} -view {D:/Pipelined_CPU_RISCV/testbench_behav.wcfg} -log {simulate.log}"
INFO: [USF-XSim-8] Loading simulator feature
Vivado Simulator 2019.2
Time resolution is 1 ps
open_wave_config D:/Pipelined_CPU_RISCV/testbench_behav.wcfg
source tb_top.tcl
# set curr_wave [current_wave_config]
# if { [string length $curr_wave] == 0 } {
#   if { [llength [get_objects]] > 0} {
#     add_wave /
#     set_property needs_save false [current_wave_config]
#   } else {
#      send_msg_id Add_Wave-1 WARNING "No top level signals found. Simulator will start without a wave window. If you want to open a wave window go to 'File->New Waveform Configuration' or type 'create_wave_config' in the TCL console."
#   }
# }
# run 1000ns
WARNING: This core is supplied with a behavioral model. To model cycle-accurate behavior you must run timing simulation.
INFO: [USF-XSim-96] XSim completed. Design snapshot 'tb_top_behav' loaded.
INFO: [USF-XSim-97] XSim simulation ran for 1000ns
launch_simulation: Time (s): cpu = 00:00:02 ; elapsed = 00:00:20 . Memory (MB): peak = 950.453 ; gain = 14.320
run 2 ms
run: Time (s): cpu = 00:00:01 ; elapsed = 00:00:14 . Memory (MB): peak = 959.312 ; gain = 0.000
run 2 ms
run: Time (s): cpu = 00:00:01 ; elapsed = 00:00:14 . Memory (MB): peak = 959.312 ; gain = 0.000
close_sim
INFO: [Simtcl 6-16] Simulation closed
exit
INFO: [Common 17-206] Exiting Vivado at Tue Aug 29 20:42:46 2023...
